<?xml version="1.0" encoding="UTF-8"?>
<coverage generated="1607833591345" clover="3.2.0">
  <project timestamp="1607833591345" name="All files">
    <metrics statements="187" coveredstatements="158" conditionals="48" coveredconditionals="37" methods="81" coveredmethods="70" elements="316" coveredelements="265" complexity="0" loc="187" ncloc="187" packages="7" files="38" classes="38"/>
    <package name="components">
      <metrics statements="17" coveredstatements="13" conditionals="2" coveredconditionals="0" methods="8" coveredmethods="6"/>
      <file name="AuthRoute.jsx" path="C:\Users\user\Desktop\codeSoom 과제\project-react-2-Knoa0405\src\components\AuthRoute.jsx">
        <metrics statements="4" coveredstatements="0" conditionals="2" coveredconditionals="0" methods="2" coveredmethods="0"/>
        <line num="8" count="0" type="cond" truecount="0" falsecount="2"/>
        <line num="9" count="0" type="stmt"/>
        <line num="17" count="0" type="stmt"/>
        <line num="20" count="0" type="stmt"/>
      </file>
      <file name="InfoContainer.jsx" path="C:\Users\user\Desktop\codeSoom 과제\project-react-2-Knoa0405\src\components\InfoContainer.jsx">
        <metrics statements="4" coveredstatements="4" conditionals="0" coveredconditionals="0" methods="1" coveredmethods="1"/>
        <line num="11" count="3" type="stmt"/>
        <line num="22" count="3" type="stmt"/>
        <line num="31" count="3" type="stmt"/>
        <line num="40" count="6" type="stmt"/>
      </file>
      <file name="LogoContainer.jsx" path="C:\Users\user\Desktop\codeSoom 과제\project-react-2-Knoa0405\src\components\LogoContainer.jsx">
        <metrics statements="1" coveredstatements="1" conditionals="0" coveredconditionals="0" methods="1" coveredmethods="1"/>
        <line num="8" count="2" type="stmt"/>
      </file>
      <file name="ManttoProfileContainer.jsx" path="C:\Users\user\Desktop\codeSoom 과제\project-react-2-Knoa0405\src\components\ManttoProfileContainer.jsx">
        <metrics statements="2" coveredstatements="2" conditionals="0" coveredconditionals="0" methods="1" coveredmethods="1"/>
        <line num="5" count="3" type="stmt"/>
        <line num="12" count="6" type="stmt"/>
      </file>
      <file name="NextButtonContainer.jsx" path="C:\Users\user\Desktop\codeSoom 과제\project-react-2-Knoa0405\src\components\NextButtonContainer.jsx">
        <metrics statements="1" coveredstatements="1" conditionals="0" coveredconditionals="0" methods="1" coveredmethods="1"/>
        <line num="12" count="17" type="stmt"/>
      </file>
      <file name="TalentAndPassionContainer.jsx" path="C:\Users\user\Desktop\codeSoom 과제\project-react-2-Knoa0405\src\components\TalentAndPassionContainer.jsx">
        <metrics statements="4" coveredstatements="4" conditionals="0" coveredconditionals="0" methods="1" coveredmethods="1"/>
        <line num="5" count="3" type="stmt"/>
        <line num="10" count="3" type="stmt"/>
        <line num="25" count="3" type="stmt"/>
        <line num="43" count="6" type="stmt"/>
      </file>
      <file name="TalentButtonContainer.jsx" path="C:\Users\user\Desktop\codeSoom 과제\project-react-2-Knoa0405\src\components\TalentButtonContainer.jsx">
        <metrics statements="1" coveredstatements="1" conditionals="0" coveredconditionals="0" methods="1" coveredmethods="1"/>
        <line num="8" count="1" type="stmt"/>
      </file>
    </package>
    <package name="components.styles">
      <metrics statements="7" coveredstatements="7" conditionals="0" coveredconditionals="0" methods="0" coveredmethods="0"/>
      <file name="CategoryButton.jsx" path="C:\Users\user\Desktop\codeSoom 과제\project-react-2-Knoa0405\src\components\styles\CategoryButton.jsx">
        <metrics statements="1" coveredstatements="1" conditionals="0" coveredconditionals="0" methods="0" coveredmethods="0"/>
        <line num="3" count="4" type="stmt"/>
      </file>
      <file name="Item.jsx" path="C:\Users\user\Desktop\codeSoom 과제\project-react-2-Knoa0405\src\components\styles\Item.jsx">
        <metrics statements="1" coveredstatements="1" conditionals="0" coveredconditionals="0" methods="0" coveredmethods="0"/>
        <line num="3" count="8" type="stmt"/>
      </file>
      <file name="List.jsx" path="C:\Users\user\Desktop\codeSoom 과제\project-react-2-Knoa0405\src\components\styles\List.jsx">
        <metrics statements="1" coveredstatements="1" conditionals="0" coveredconditionals="0" methods="0" coveredmethods="0"/>
        <line num="3" count="8" type="stmt"/>
      </file>
      <file name="Logo.jsx" path="C:\Users\user\Desktop\codeSoom 과제\project-react-2-Knoa0405\src\components\styles\Logo.jsx">
        <metrics statements="1" coveredstatements="1" conditionals="0" coveredconditionals="0" methods="0" coveredmethods="0"/>
        <line num="3" count="2" type="stmt"/>
      </file>
      <file name="NextButton.jsx" path="C:\Users\user\Desktop\codeSoom 과제\project-react-2-Knoa0405\src\components\styles\NextButton.jsx">
        <metrics statements="1" coveredstatements="1" conditionals="0" coveredconditionals="0" methods="0" coveredmethods="0"/>
        <line num="3" count="8" type="stmt"/>
      </file>
      <file name="TalentInputButton.jsx" path="C:\Users\user\Desktop\codeSoom 과제\project-react-2-Knoa0405\src\components\styles\TalentInputButton.jsx">
        <metrics statements="1" coveredstatements="1" conditionals="0" coveredconditionals="0" methods="0" coveredmethods="0"/>
        <line num="3" count="4" type="stmt"/>
      </file>
      <file name="Title.jsx" path="C:\Users\user\Desktop\codeSoom 과제\project-react-2-Knoa0405\src\components\styles\Title.jsx">
        <metrics statements="1" coveredstatements="1" conditionals="0" coveredconditionals="0" methods="0" coveredmethods="0"/>
        <line num="3" count="6" type="stmt"/>
      </file>
    </package>
    <package name="fixture">
      <metrics statements="2" coveredstatements="2" conditionals="0" coveredconditionals="0" methods="0" coveredmethods="0"/>
      <file name="categories.js" path="C:\Users\user\Desktop\codeSoom 과제\project-react-2-Knoa0405\src\fixture\categories.js">
        <metrics statements="1" coveredstatements="1" conditionals="0" coveredconditionals="0" methods="0" coveredmethods="0"/>
        <line num="1" count="1" type="stmt"/>
      </file>
      <file name="manttoCategories.js" path="C:\Users\user\Desktop\codeSoom 과제\project-react-2-Knoa0405\src\fixture\manttoCategories.js">
        <metrics statements="1" coveredstatements="1" conditionals="0" coveredconditionals="0" methods="0" coveredmethods="0"/>
        <line num="1" count="4" type="stmt"/>
      </file>
    </package>
    <package name="pages">
      <metrics statements="98" coveredstatements="91" conditionals="45" coveredconditionals="36" methods="45" coveredmethods="41"/>
      <file name="App.jsx" path="C:\Users\user\Desktop\codeSoom 과제\project-react-2-Knoa0405\src\pages\App.jsx">
        <metrics statements="2" coveredstatements="2" conditionals="0" coveredconditionals="0" methods="2" coveredmethods="2"/>
        <line num="37" count="1" type="stmt"/>
        <line num="41" count="1" type="stmt"/>
      </file>
      <file name="CategoriesForm.jsx" path="C:\Users\user\Desktop\codeSoom 과제\project-react-2-Knoa0405\src\pages\CategoriesForm.jsx">
        <metrics statements="3" coveredstatements="3" conditionals="3" coveredconditionals="2" methods="3" coveredmethods="3"/>
        <line num="14" count="9" type="stmt"/>
        <line num="18" count="18" type="stmt"/>
        <line num="21" count="5" type="stmt"/>
      </file>
      <file name="CategoriesFormContainer.jsx" path="C:\Users\user\Desktop\codeSoom 과제\project-react-2-Knoa0405\src\pages\CategoriesFormContainer.jsx">
        <metrics statements="7" coveredstatements="7" conditionals="4" coveredconditionals="4" methods="3" coveredmethods="3"/>
        <line num="14" count="6" type="stmt"/>
        <line num="17" count="4" type="cond" truecount="2" falsecount="0"/>
        <line num="18" count="2" type="stmt"/>
        <line num="20" count="4" type="cond" truecount="2" falsecount="0"/>
        <line num="21" count="2" type="stmt"/>
        <line num="26" count="1" type="stmt"/>
        <line num="29" count="6" type="stmt"/>
      </file>
      <file name="CategoriesPage.jsx" path="C:\Users\user\Desktop\codeSoom 과제\project-react-2-Knoa0405\src\pages\CategoriesPage.jsx">
        <metrics statements="7" coveredstatements="7" conditionals="8" coveredconditionals="7" methods="2" coveredmethods="2"/>
        <line num="12" count="2" type="cond" truecount="1" falsecount="1"/>
        <line num="14" count="2" type="stmt"/>
        <line num="18" count="2" type="cond" truecount="2" falsecount="0"/>
        <line num="20" count="2" type="cond" truecount="2" falsecount="0"/>
        <line num="23" count="2" type="cond" truecount="2" falsecount="0"/>
        <line num="24" count="1" type="stmt"/>
        <line num="29" count="1" type="stmt"/>
      </file>
      <file name="LoginForm.jsx" path="C:\Users\user\Desktop\codeSoom 과제\project-react-2-Knoa0405\src\pages\LoginForm.jsx">
        <metrics statements="7" coveredstatements="5" conditionals="8" coveredconditionals="4" methods="3" coveredmethods="1"/>
        <line num="6" count="11" type="stmt"/>
        <line num="10" count="11" type="stmt"/>
        <line num="12" count="11" type="cond" truecount="0" falsecount="2"/>
        <line num="14" count="11" type="cond" truecount="1" falsecount="1"/>
        <line num="15" count="0" type="stmt"/>
        <line num="18" count="0" type="stmt"/>
        <line num="23" count="11" type="stmt"/>
      </file>
      <file name="LoginFormContainer.jsx" path="C:\Users\user\Desktop\codeSoom 과제\project-react-2-Knoa0405\src\pages\LoginFormContainer.jsx">
        <metrics statements="11" coveredstatements="7" conditionals="2" coveredconditionals="1" methods="6" coveredmethods="4"/>
        <line num="19" count="7" type="stmt"/>
        <line num="21" count="7" type="stmt"/>
        <line num="28" count="1" type="stmt"/>
        <line num="30" count="1" type="stmt"/>
        <line num="34" count="2" type="stmt"/>
        <line num="38" count="0" type="stmt"/>
        <line num="42" count="0" type="stmt"/>
        <line num="43" count="0" type="stmt"/>
        <line num="46" count="7" type="cond" truecount="1" falsecount="1"/>
        <line num="47" count="0" type="stmt"/>
        <line num="55" count="7" type="stmt"/>
      </file>
      <file name="LoginPage.jsx" path="C:\Users\user\Desktop\codeSoom 과제\project-react-2-Knoa0405\src\pages\LoginPage.jsx">
        <metrics statements="10" coveredstatements="9" conditionals="8" coveredconditionals="6" methods="4" coveredmethods="4"/>
        <line num="14" count="4" type="stmt"/>
        <line num="16" count="4" type="cond" truecount="2" falsecount="0"/>
        <line num="19" count="4" type="stmt"/>
        <line num="20" count="4" type="cond" truecount="2" falsecount="0"/>
        <line num="21" count="4" type="cond" truecount="1" falsecount="1"/>
        <line num="22" count="0" type="stmt"/>
        <line num="27" count="4" type="stmt"/>
        <line num="28" count="4" type="stmt"/>
        <line num="31" count="4" type="cond" truecount="1" falsecount="1"/>
        <line num="33" count="4" type="stmt"/>
      </file>
      <file name="MainPage.jsx" path="C:\Users\user\Desktop\codeSoom 과제\project-react-2-Knoa0405\src\pages\MainPage.jsx">
        <metrics statements="1" coveredstatements="1" conditionals="0" coveredconditionals="0" methods="1" coveredmethods="1"/>
        <line num="6" count="1" type="stmt"/>
      </file>
      <file name="TalentForm.jsx" path="C:\Users\user\Desktop\codeSoom 과제\project-react-2-Knoa0405\src\pages\TalentForm.jsx">
        <metrics statements="1" coveredstatements="1" conditionals="0" coveredconditionals="0" methods="1" coveredmethods="1"/>
        <line num="10" count="5" type="stmt"/>
      </file>
      <file name="TalentFormContainer.jsx" path="C:\Users\user\Desktop\codeSoom 과제\project-react-2-Knoa0405\src\pages\TalentFormContainer.jsx">
        <metrics statements="16" coveredstatements="16" conditionals="8" coveredconditionals="8" methods="4" coveredmethods="4"/>
        <line num="21" count="2" type="stmt"/>
        <line num="28" count="3" type="cond" truecount="2" falsecount="0"/>
        <line num="30" count="3" type="stmt"/>
        <line num="32" count="3" type="stmt"/>
        <line num="37" count="3" type="stmt"/>
        <line num="39" count="3" type="stmt"/>
        <line num="40" count="3" type="stmt"/>
        <line num="44" count="2" type="stmt"/>
        <line num="45" count="2" type="cond" truecount="2" falsecount="0"/>
        <line num="46" count="1" type="stmt"/>
        <line num="48" count="2" type="cond" truecount="2" falsecount="0"/>
        <line num="49" count="1" type="stmt"/>
        <line num="53" count="3" type="cond" truecount="2" falsecount="0"/>
        <line num="54" count="1" type="stmt"/>
        <line num="55" count="1" type="stmt"/>
        <line num="66" count="2" type="stmt"/>
      </file>
      <file name="TalentProficiency.jsx" path="C:\Users\user\Desktop\codeSoom 과제\project-react-2-Knoa0405\src\pages\TalentProficiency.jsx">
        <metrics statements="6" coveredstatements="6" conditionals="0" coveredconditionals="0" methods="4" coveredmethods="4"/>
        <line num="15" count="3" type="stmt"/>
        <line num="22" count="9" type="stmt"/>
        <line num="31" count="3" type="stmt"/>
        <line num="37" count="3" type="stmt"/>
        <line num="42" count="9" type="stmt"/>
        <line num="45" count="4" type="stmt"/>
      </file>
      <file name="TalentProficiencyContainer.jsx" path="C:\Users\user\Desktop\codeSoom 과제\project-react-2-Knoa0405\src\pages\TalentProficiencyContainer.jsx">
        <metrics statements="5" coveredstatements="5" conditionals="0" coveredconditionals="0" methods="3" coveredmethods="3"/>
        <line num="12" count="2" type="stmt"/>
        <line num="16" count="2" type="stmt"/>
        <line num="18" count="2" type="stmt"/>
        <line num="21" count="1" type="stmt"/>
        <line num="24" count="2" type="stmt"/>
      </file>
      <file name="Talents.jsx" path="C:\Users\user\Desktop\codeSoom 과제\project-react-2-Knoa0405\src\pages\Talents.jsx">
        <metrics statements="9" coveredstatements="9" conditionals="4" coveredconditionals="4" methods="2" coveredmethods="2"/>
        <line num="7" count="3" type="stmt"/>
        <line num="12" count="3" type="stmt"/>
        <line num="16" count="3" type="stmt"/>
        <line num="21" count="4" type="cond" truecount="2" falsecount="0"/>
        <line num="22" count="1" type="stmt"/>
        <line num="27" count="3" type="cond" truecount="2" falsecount="0"/>
        <line num="28" count="1" type="stmt"/>
        <line num="33" count="2" type="stmt"/>
        <line num="40" count="6" type="stmt"/>
      </file>
      <file name="TalentsContainer.jsx" path="C:\Users\user\Desktop\codeSoom 과제\project-react-2-Knoa0405\src\pages\TalentsContainer.jsx">
        <metrics statements="5" coveredstatements="5" conditionals="0" coveredconditionals="0" methods="3" coveredmethods="3"/>
        <line num="12" count="1" type="stmt"/>
        <line num="14" count="1" type="stmt"/>
        <line num="19" count="1" type="stmt"/>
        <line num="20" count="1" type="stmt"/>
        <line num="23" count="1" type="stmt"/>
      </file>
      <file name="UserInfo.jsx" path="C:\Users\user\Desktop\codeSoom 과제\project-react-2-Knoa0405\src\pages\UserInfo.jsx">
        <metrics statements="3" coveredstatements="3" conditionals="0" coveredconditionals="0" methods="1" coveredmethods="1"/>
        <line num="5" count="3" type="stmt"/>
        <line num="12" count="3" type="stmt"/>
        <line num="19" count="4" type="stmt"/>
      </file>
      <file name="UserInfoContainer.jsx" path="C:\Users\user\Desktop\codeSoom 과제\project-react-2-Knoa0405\src\pages\UserInfoContainer.jsx">
        <metrics statements="5" coveredstatements="5" conditionals="0" coveredconditionals="0" methods="3" coveredmethods="3"/>
        <line num="16" count="2" type="stmt"/>
        <line num="18" count="2" type="stmt"/>
        <line num="23" count="3" type="stmt"/>
        <line num="25" count="3" type="stmt"/>
        <line num="28" count="2" type="stmt"/>
      </file>
    </package>
    <package name="pages.styles">
      <metrics statements="3" coveredstatements="3" conditionals="0" coveredconditionals="0" methods="0" coveredmethods="0"/>
      <file name="Header.jsx" path="C:\Users\user\Desktop\codeSoom 과제\project-react-2-Knoa0405\src\pages\styles\Header.jsx">
        <metrics statements="1" coveredstatements="1" conditionals="0" coveredconditionals="0" methods="0" coveredmethods="0"/>
        <line num="3" count="1" type="stmt"/>
      </file>
      <file name="PageLayout.jsx" path="C:\Users\user\Desktop\codeSoom 과제\project-react-2-Knoa0405\src\pages\styles\PageLayout.jsx">
        <metrics statements="1" coveredstatements="1" conditionals="0" coveredconditionals="0" methods="0" coveredmethods="0"/>
        <line num="3" count="1" type="stmt"/>
      </file>
      <file name="Reset.jsx" path="C:\Users\user\Desktop\codeSoom 과제\project-react-2-Knoa0405\src\pages\styles\Reset.jsx">
        <metrics statements="1" coveredstatements="1" conditionals="0" coveredconditionals="0" methods="0" coveredmethods="0"/>
        <line num="3" count="1" type="stmt"/>
      </file>
    </package>
    <package name="redux">
      <metrics statements="35" coveredstatements="29" conditionals="1" coveredconditionals="1" methods="23" coveredmethods="20"/>
      <file name="slice.js" path="C:\Users\user\Desktop\codeSoom 과제\project-react-2-Knoa0405\src\redux\slice.js">
        <metrics statements="35" coveredstatements="29" conditionals="1" coveredconditionals="1" methods="23" coveredmethods="20"/>
        <line num="13" count="10" type="stmt"/>
        <line num="52" count="1" type="stmt"/>
        <line num="62" count="1" type="stmt"/>
        <line num="72" count="1" type="stmt"/>
        <line num="86" count="1" type="stmt"/>
        <line num="96" count="1" type="stmt"/>
        <line num="106" count="1" type="stmt"/>
        <line num="116" count="1" type="stmt"/>
        <line num="118" count="2" type="stmt"/>
        <line num="124" count="1" type="stmt"/>
        <line num="134" count="1" type="stmt"/>
        <line num="144" count="0" type="stmt"/>
        <line num="154" count="1" type="stmt"/>
        <line num="165" count="0" type="stmt"/>
        <line num="186" count="10" type="stmt"/>
        <line num="189" count="4" type="stmt"/>
        <line num="190" count="1" type="stmt"/>
        <line num="192" count="1" type="stmt"/>
        <line num="197" count="3" type="stmt"/>
        <line num="198" count="2" type="cond" truecount="1" falsecount="0"/>
        <line num="200" count="2" type="stmt"/>
        <line num="205" count="2" type="stmt"/>
        <line num="206" count="1" type="stmt"/>
        <line num="208" count="1" type="stmt"/>
        <line num="212" count="1" type="stmt"/>
        <line num="217" count="1" type="stmt"/>
        <line num="218" count="1" type="stmt"/>
        <line num="220" count="1" type="stmt"/>
        <line num="222" count="1" type="stmt"/>
        <line num="224" count="1" type="stmt"/>
        <line num="229" count="2" type="stmt"/>
        <line num="230" count="0" type="stmt"/>
        <line num="232" count="0" type="stmt"/>
        <line num="234" count="0" type="stmt"/>
        <line num="236" count="0" type="stmt"/>
      </file>
    </package>
    <package name="services">
      <metrics statements="25" coveredstatements="13" conditionals="0" coveredconditionals="0" methods="5" coveredmethods="3"/>
      <file name="api.js" path="C:\Users\user\Desktop\codeSoom 과제\project-react-2-Knoa0405\src\services\api.js">
        <metrics statements="22" coveredstatements="10" conditionals="0" coveredconditionals="0" methods="5" coveredmethods="3"/>
        <line num="6" count="1" type="stmt"/>
        <line num="7" count="1" type="stmt"/>
        <line num="9" count="1" type="stmt"/>
        <line num="10" count="1" type="stmt"/>
        <line num="12" count="1" type="stmt"/>
        <line num="16" count="1" type="stmt"/>
        <line num="18" count="1" type="stmt"/>
        <line num="20" count="1" type="stmt"/>
        <line num="26" count="1" type="stmt"/>
        <line num="46" count="1" type="stmt"/>
        <line num="52" count="0" type="stmt"/>
        <line num="53" count="0" type="stmt"/>
        <line num="55" count="0" type="stmt"/>
        <line num="56" count="0" type="stmt"/>
        <line num="58" count="0" type="stmt"/>
        <line num="60" count="0" type="stmt"/>
        <line num="66" count="0" type="stmt"/>
        <line num="67" count="0" type="stmt"/>
        <line num="69" count="0" type="stmt"/>
        <line num="70" count="0" type="stmt"/>
        <line num="72" count="0" type="stmt"/>
        <line num="74" count="0" type="stmt"/>
      </file>
      <file name="firebase.js" path="C:\Users\user\Desktop\codeSoom 과제\project-react-2-Knoa0405\src\services\firebase.js">
        <metrics statements="3" coveredstatements="3" conditionals="0" coveredconditionals="0" methods="0" coveredmethods="0"/>
        <line num="5" count="11" type="stmt"/>
        <line num="16" count="11" type="stmt"/>
        <line num="18" count="11" type="stmt"/>
      </file>
    </package>
  </project>
</coverage>
