<?xml version="1.0" encoding="UTF-8"?>
<coverage generated="1607058341752" clover="3.2.0">
  <project timestamp="1607058341753" name="All files">
    <metrics statements="125" coveredstatements="125" conditionals="28" coveredconditionals="27" methods="55" coveredmethods="55" elements="208" coveredelements="207" complexity="0" loc="125" ncloc="125" packages="7" files="33" classes="33"/>
    <package name="components">
      <metrics statements="13" coveredstatements="13" conditionals="0" coveredconditionals="0" methods="6" coveredmethods="6"/>
      <file name="InfoContainer.jsx" path="C:\Users\user\Desktop\codeSoom 과제\project-react-2-Knoa0405\src\components\InfoContainer.jsx">
        <metrics statements="4" coveredstatements="4" conditionals="0" coveredconditionals="0" methods="1" coveredmethods="1"/>
        <line num="11" count="3" type="stmt"/>
        <line num="22" count="3" type="stmt"/>
        <line num="31" count="3" type="stmt"/>
        <line num="40" count="6" type="stmt"/>
      </file>
      <file name="LogoContainer.jsx" path="C:\Users\user\Desktop\codeSoom 과제\project-react-2-Knoa0405\src\components\LogoContainer.jsx">
        <metrics statements="1" coveredstatements="1" conditionals="0" coveredconditionals="0" methods="1" coveredmethods="1"/>
        <line num="8" count="2" type="stmt"/>
      </file>
      <file name="ManttoProfileContainer.jsx" path="C:\Users\user\Desktop\codeSoom 과제\project-react-2-Knoa0405\src\components\ManttoProfileContainer.jsx">
        <metrics statements="2" coveredstatements="2" conditionals="0" coveredconditionals="0" methods="1" coveredmethods="1"/>
        <line num="5" count="3" type="stmt"/>
        <line num="12" count="6" type="stmt"/>
      </file>
      <file name="NextButtonContainer.jsx" path="C:\Users\user\Desktop\codeSoom 과제\project-react-2-Knoa0405\src\components\NextButtonContainer.jsx">
        <metrics statements="1" coveredstatements="1" conditionals="0" coveredconditionals="0" methods="1" coveredmethods="1"/>
        <line num="12" count="17" type="stmt"/>
      </file>
      <file name="TalentAndPassionContainer.jsx" path="C:\Users\user\Desktop\codeSoom 과제\project-react-2-Knoa0405\src\components\TalentAndPassionContainer.jsx">
        <metrics statements="4" coveredstatements="4" conditionals="0" coveredconditionals="0" methods="1" coveredmethods="1"/>
        <line num="5" count="3" type="stmt"/>
        <line num="10" count="3" type="stmt"/>
        <line num="25" count="3" type="stmt"/>
        <line num="43" count="6" type="stmt"/>
      </file>
      <file name="TalentButtonContainer.jsx" path="C:\Users\user\Desktop\codeSoom 과제\project-react-2-Knoa0405\src\components\TalentButtonContainer.jsx">
        <metrics statements="1" coveredstatements="1" conditionals="0" coveredconditionals="0" methods="1" coveredmethods="1"/>
        <line num="8" count="2" type="stmt"/>
      </file>
    </package>
    <package name="components.styles">
      <metrics statements="7" coveredstatements="7" conditionals="0" coveredconditionals="0" methods="0" coveredmethods="0"/>
      <file name="CategoryButton.jsx" path="C:\Users\user\Desktop\codeSoom 과제\project-react-2-Knoa0405\src\components\styles\CategoryButton.jsx">
        <metrics statements="1" coveredstatements="1" conditionals="0" coveredconditionals="0" methods="0" coveredmethods="0"/>
        <line num="3" count="4" type="stmt"/>
      </file>
      <file name="Item.jsx" path="C:\Users\user\Desktop\codeSoom 과제\project-react-2-Knoa0405\src\components\styles\Item.jsx">
        <metrics statements="1" coveredstatements="1" conditionals="0" coveredconditionals="0" methods="0" coveredmethods="0"/>
        <line num="3" count="8" type="stmt"/>
      </file>
      <file name="List.jsx" path="C:\Users\user\Desktop\codeSoom 과제\project-react-2-Knoa0405\src\components\styles\List.jsx">
        <metrics statements="1" coveredstatements="1" conditionals="0" coveredconditionals="0" methods="0" coveredmethods="0"/>
        <line num="3" count="8" type="stmt"/>
      </file>
      <file name="Logo.jsx" path="C:\Users\user\Desktop\codeSoom 과제\project-react-2-Knoa0405\src\components\styles\Logo.jsx">
        <metrics statements="1" coveredstatements="1" conditionals="0" coveredconditionals="0" methods="0" coveredmethods="0"/>
        <line num="3" count="2" type="stmt"/>
      </file>
      <file name="NextButton.jsx" path="C:\Users\user\Desktop\codeSoom 과제\project-react-2-Knoa0405\src\components\styles\NextButton.jsx">
        <metrics statements="1" coveredstatements="1" conditionals="0" coveredconditionals="0" methods="0" coveredmethods="0"/>
        <line num="3" count="8" type="stmt"/>
      </file>
      <file name="TalentInputButton.jsx" path="C:\Users\user\Desktop\codeSoom 과제\project-react-2-Knoa0405\src\components\styles\TalentInputButton.jsx">
        <metrics statements="1" coveredstatements="1" conditionals="0" coveredconditionals="0" methods="0" coveredmethods="0"/>
        <line num="3" count="4" type="stmt"/>
      </file>
      <file name="Title.jsx" path="C:\Users\user\Desktop\codeSoom 과제\project-react-2-Knoa0405\src\components\styles\Title.jsx">
        <metrics statements="1" coveredstatements="1" conditionals="0" coveredconditionals="0" methods="0" coveredmethods="0"/>
        <line num="3" count="6" type="stmt"/>
      </file>
    </package>
    <package name="fixture">
      <metrics statements="2" coveredstatements="2" conditionals="0" coveredconditionals="0" methods="0" coveredmethods="0"/>
      <file name="categories.js" path="C:\Users\user\Desktop\codeSoom 과제\project-react-2-Knoa0405\src\fixture\categories.js">
        <metrics statements="1" coveredstatements="1" conditionals="0" coveredconditionals="0" methods="0" coveredmethods="0"/>
        <line num="1" count="1" type="stmt"/>
      </file>
      <file name="manttoCategories.js" path="C:\Users\user\Desktop\codeSoom 과제\project-react-2-Knoa0405\src\fixture\manttoCategories.js">
        <metrics statements="1" coveredstatements="1" conditionals="0" coveredconditionals="0" methods="0" coveredmethods="0"/>
        <line num="1" count="4" type="stmt"/>
      </file>
    </package>
    <package name="pages">
      <metrics statements="69" coveredstatements="69" conditionals="27" coveredconditionals="26" methods="31" coveredmethods="31"/>
      <file name="App.jsx" path="C:\Users\user\Desktop\codeSoom 과제\project-react-2-Knoa0405\src\pages\App.jsx">
        <metrics statements="1" coveredstatements="1" conditionals="0" coveredconditionals="0" methods="1" coveredmethods="1"/>
        <line num="31" count="1" type="stmt"/>
      </file>
      <file name="CategoriesForm.jsx" path="C:\Users\user\Desktop\codeSoom 과제\project-react-2-Knoa0405\src\pages\CategoriesForm.jsx">
        <metrics statements="3" coveredstatements="3" conditionals="3" coveredconditionals="3" methods="3" coveredmethods="3"/>
        <line num="14" count="9" type="stmt"/>
        <line num="18" count="16" type="stmt"/>
        <line num="21" count="5" type="stmt"/>
      </file>
      <file name="CategoriesFormContainer.jsx" path="C:\Users\user\Desktop\codeSoom 과제\project-react-2-Knoa0405\src\pages\CategoriesFormContainer.jsx">
        <metrics statements="7" coveredstatements="7" conditionals="4" coveredconditionals="4" methods="3" coveredmethods="3"/>
        <line num="14" count="6" type="stmt"/>
        <line num="17" count="4" type="cond" truecount="2" falsecount="0"/>
        <line num="18" count="2" type="stmt"/>
        <line num="20" count="4" type="cond" truecount="2" falsecount="0"/>
        <line num="21" count="2" type="stmt"/>
        <line num="26" count="1" type="stmt"/>
        <line num="29" count="6" type="stmt"/>
      </file>
      <file name="CategoriesPage.jsx" path="C:\Users\user\Desktop\codeSoom 과제\project-react-2-Knoa0405\src\pages\CategoriesPage.jsx">
        <metrics statements="7" coveredstatements="7" conditionals="8" coveredconditionals="7" methods="2" coveredmethods="2"/>
        <line num="12" count="2" type="cond" truecount="1" falsecount="1"/>
        <line num="14" count="2" type="stmt"/>
        <line num="18" count="2" type="cond" truecount="2" falsecount="0"/>
        <line num="20" count="2" type="cond" truecount="2" falsecount="0"/>
        <line num="23" count="2" type="cond" truecount="2" falsecount="0"/>
        <line num="24" count="1" type="stmt"/>
        <line num="29" count="1" type="stmt"/>
      </file>
      <file name="MainPage.jsx" path="C:\Users\user\Desktop\codeSoom 과제\project-react-2-Knoa0405\src\pages\MainPage.jsx">
        <metrics statements="1" coveredstatements="1" conditionals="0" coveredconditionals="0" methods="1" coveredmethods="1"/>
        <line num="6" count="2" type="stmt"/>
      </file>
      <file name="TalentForm.jsx" path="C:\Users\user\Desktop\codeSoom 과제\project-react-2-Knoa0405\src\pages\TalentForm.jsx">
        <metrics statements="1" coveredstatements="1" conditionals="0" coveredconditionals="0" methods="1" coveredmethods="1"/>
        <line num="10" count="5" type="stmt"/>
      </file>
      <file name="TalentFormContainer.jsx" path="C:\Users\user\Desktop\codeSoom 과제\project-react-2-Knoa0405\src\pages\TalentFormContainer.jsx">
        <metrics statements="16" coveredstatements="16" conditionals="8" coveredconditionals="8" methods="4" coveredmethods="4"/>
        <line num="21" count="2" type="stmt"/>
        <line num="28" count="3" type="cond" truecount="2" falsecount="0"/>
        <line num="30" count="3" type="stmt"/>
        <line num="32" count="3" type="stmt"/>
        <line num="37" count="3" type="stmt"/>
        <line num="39" count="3" type="stmt"/>
        <line num="40" count="3" type="stmt"/>
        <line num="44" count="2" type="stmt"/>
        <line num="45" count="2" type="cond" truecount="2" falsecount="0"/>
        <line num="46" count="1" type="stmt"/>
        <line num="48" count="2" type="cond" truecount="2" falsecount="0"/>
        <line num="49" count="1" type="stmt"/>
        <line num="53" count="3" type="cond" truecount="2" falsecount="0"/>
        <line num="54" count="1" type="stmt"/>
        <line num="55" count="1" type="stmt"/>
        <line num="66" count="2" type="stmt"/>
      </file>
      <file name="TalentProficiency.jsx" path="C:\Users\user\Desktop\codeSoom 과제\project-react-2-Knoa0405\src\pages\TalentProficiency.jsx">
        <metrics statements="6" coveredstatements="6" conditionals="0" coveredconditionals="0" methods="4" coveredmethods="4"/>
        <line num="15" count="3" type="stmt"/>
        <line num="22" count="9" type="stmt"/>
        <line num="31" count="3" type="stmt"/>
        <line num="37" count="3" type="stmt"/>
        <line num="42" count="9" type="stmt"/>
        <line num="45" count="4" type="stmt"/>
      </file>
      <file name="TalentProficiencyContainer.jsx" path="C:\Users\user\Desktop\codeSoom 과제\project-react-2-Knoa0405\src\pages\TalentProficiencyContainer.jsx">
        <metrics statements="5" coveredstatements="5" conditionals="0" coveredconditionals="0" methods="3" coveredmethods="3"/>
        <line num="12" count="2" type="stmt"/>
        <line num="16" count="2" type="stmt"/>
        <line num="18" count="2" type="stmt"/>
        <line num="21" count="1" type="stmt"/>
        <line num="24" count="2" type="stmt"/>
      </file>
      <file name="Talents.jsx" path="C:\Users\user\Desktop\codeSoom 과제\project-react-2-Knoa0405\src\pages\Talents.jsx">
        <metrics statements="9" coveredstatements="9" conditionals="4" coveredconditionals="4" methods="2" coveredmethods="2"/>
        <line num="7" count="3" type="stmt"/>
        <line num="12" count="3" type="stmt"/>
        <line num="16" count="3" type="stmt"/>
        <line num="21" count="4" type="cond" truecount="2" falsecount="0"/>
        <line num="22" count="1" type="stmt"/>
        <line num="27" count="3" type="cond" truecount="2" falsecount="0"/>
        <line num="28" count="1" type="stmt"/>
        <line num="33" count="2" type="stmt"/>
        <line num="40" count="6" type="stmt"/>
      </file>
      <file name="TalentsContainer.jsx" path="C:\Users\user\Desktop\codeSoom 과제\project-react-2-Knoa0405\src\pages\TalentsContainer.jsx">
        <metrics statements="5" coveredstatements="5" conditionals="0" coveredconditionals="0" methods="3" coveredmethods="3"/>
        <line num="12" count="1" type="stmt"/>
        <line num="14" count="1" type="stmt"/>
        <line num="19" count="1" type="stmt"/>
        <line num="20" count="1" type="stmt"/>
        <line num="23" count="1" type="stmt"/>
      </file>
      <file name="UserInfo.jsx" path="C:\Users\user\Desktop\codeSoom 과제\project-react-2-Knoa0405\src\pages\UserInfo.jsx">
        <metrics statements="3" coveredstatements="3" conditionals="0" coveredconditionals="0" methods="1" coveredmethods="1"/>
        <line num="5" count="3" type="stmt"/>
        <line num="12" count="3" type="stmt"/>
        <line num="19" count="4" type="stmt"/>
      </file>
      <file name="UserInfoContainer.jsx" path="C:\Users\user\Desktop\codeSoom 과제\project-react-2-Knoa0405\src\pages\UserInfoContainer.jsx">
        <metrics statements="5" coveredstatements="5" conditionals="0" coveredconditionals="0" methods="3" coveredmethods="3"/>
        <line num="16" count="2" type="stmt"/>
        <line num="18" count="2" type="stmt"/>
        <line num="23" count="3" type="stmt"/>
        <line num="25" count="3" type="stmt"/>
        <line num="28" count="2" type="stmt"/>
      </file>
    </package>
    <package name="pages.styles">
      <metrics statements="3" coveredstatements="3" conditionals="0" coveredconditionals="0" methods="0" coveredmethods="0"/>
      <file name="Header.jsx" path="C:\Users\user\Desktop\codeSoom 과제\project-react-2-Knoa0405\src\pages\styles\Header.jsx">
        <metrics statements="1" coveredstatements="1" conditionals="0" coveredconditionals="0" methods="0" coveredmethods="0"/>
        <line num="3" count="1" type="stmt"/>
      </file>
      <file name="PageLayout.jsx" path="C:\Users\user\Desktop\codeSoom 과제\project-react-2-Knoa0405\src\pages\styles\PageLayout.jsx">
        <metrics statements="1" coveredstatements="1" conditionals="0" coveredconditionals="0" methods="0" coveredmethods="0"/>
        <line num="3" count="1" type="stmt"/>
      </file>
      <file name="Reset.jsx" path="C:\Users\user\Desktop\codeSoom 과제\project-react-2-Knoa0405\src\pages\styles\Reset.jsx">
        <metrics statements="1" coveredstatements="1" conditionals="0" coveredconditionals="0" methods="0" coveredmethods="0"/>
        <line num="3" count="1" type="stmt"/>
      </file>
    </package>
    <package name="redux">
      <metrics statements="21" coveredstatements="21" conditionals="1" coveredconditionals="1" methods="15" coveredmethods="15"/>
      <file name="slice.js" path="C:\Users\user\Desktop\codeSoom 과제\project-react-2-Knoa0405\src\redux\slice.js">
        <metrics statements="21" coveredstatements="21" conditionals="1" coveredconditionals="1" methods="15" coveredmethods="15"/>
        <line num="9" count="8" type="stmt"/>
        <line num="39" count="1" type="stmt"/>
        <line num="49" count="1" type="stmt"/>
        <line num="59" count="1" type="stmt"/>
        <line num="73" count="1" type="stmt"/>
        <line num="83" count="1" type="stmt"/>
        <line num="93" count="1" type="stmt"/>
        <line num="103" count="1" type="stmt"/>
        <line num="105" count="2" type="stmt"/>
        <line num="111" count="1" type="stmt"/>
        <line num="131" count="8" type="stmt"/>
        <line num="134" count="4" type="stmt"/>
        <line num="135" count="1" type="stmt"/>
        <line num="137" count="1" type="stmt"/>
        <line num="142" count="3" type="stmt"/>
        <line num="143" count="2" type="cond" truecount="1" falsecount="0"/>
        <line num="145" count="2" type="stmt"/>
        <line num="150" count="2" type="stmt"/>
        <line num="151" count="1" type="stmt"/>
        <line num="153" count="1" type="stmt"/>
        <line num="157" count="1" type="stmt"/>
      </file>
    </package>
    <package name="services">
      <metrics statements="10" coveredstatements="10" conditionals="0" coveredconditionals="0" methods="3" coveredmethods="3"/>
      <file name="api.js" path="C:\Users\user\Desktop\codeSoom 과제\project-react-2-Knoa0405\src\services\api.js">
        <metrics statements="10" coveredstatements="10" conditionals="0" coveredconditionals="0" methods="3" coveredmethods="3"/>
        <line num="4" count="1" type="stmt"/>
        <line num="5" count="1" type="stmt"/>
        <line num="7" count="1" type="stmt"/>
        <line num="8" count="1" type="stmt"/>
        <line num="10" count="1" type="stmt"/>
        <line num="14" count="1" type="stmt"/>
        <line num="16" count="1" type="stmt"/>
        <line num="18" count="1" type="stmt"/>
        <line num="24" count="1" type="stmt"/>
        <line num="44" count="1" type="stmt"/>
      </file>
    </package>
  </project>
</coverage>
