{"C:\\Users\\user\\Desktop\\codeSoom 과제\\project-react-2-Knoa0405\\src\\components\\InfoContainer.jsx": {"path":"C:\\Users\\user\\Desktop\\codeSoom 과제\\project-react-2-Knoa0405\\src\\components\\InfoContainer.jsx","statementMap":{"0":{"start":{"line":11,"column":28},"end":{"line":20,"column":2}},"1":{"start":{"line":22,"column":19},"end":{"line":29,"column":2}},"2":{"start":{"line":31,"column":27},"end":{"line":35,"column":2}},"3":{"start":{"line":40,"column":2},"end":{"line":57,"column":4}}},"fnMap":{"0":{"name":"InfoContainer","decl":{"start":{"line":37,"column":24},"end":{"line":37,"column":37}},"loc":{"start":{"line":39,"column":3},"end":{"line":58,"column":1}},"line":39}},"branchMap":{},"s":{"0":2,"1":2,"2":2,"3":3},"f":{"0":3},"b":{},"_coverageSchema":"1a1c01bbd47fc00a2c39e90264f33305004495a9","hash":"493bd9b97f244fc7bde9d2a36ead97d3882a7387"}
,"C:\\Users\\user\\Desktop\\codeSoom 과제\\project-react-2-Knoa0405\\src\\components\\LogoContainer.jsx": {"path":"C:\\Users\\user\\Desktop\\codeSoom 과제\\project-react-2-Knoa0405\\src\\components\\LogoContainer.jsx","statementMap":{"0":{"start":{"line":8,"column":2},"end":{"line":10,"column":4}}},"fnMap":{"0":{"name":"LogoContainer","decl":{"start":{"line":7,"column":9},"end":{"line":7,"column":22}},"loc":{"start":{"line":7,"column":25},"end":{"line":11,"column":1}},"line":7}},"branchMap":{},"s":{"0":3},"f":{"0":3},"b":{},"_coverageSchema":"1a1c01bbd47fc00a2c39e90264f33305004495a9","hash":"a56897714aeceaf5d1e553c44eb4a6fc3a2117c5"}
,"C:\\Users\\user\\Desktop\\codeSoom 과제\\project-react-2-Knoa0405\\src\\components\\ManttoProfileContainer.jsx": {"path":"C:\\Users\\user\\Desktop\\codeSoom 과제\\project-react-2-Knoa0405\\src\\components\\ManttoProfileContainer.jsx","statementMap":{"0":{"start":{"line":5,"column":22},"end":{"line":7,"column":2}},"1":{"start":{"line":12,"column":2},"end":{"line":30,"column":4}}},"fnMap":{"0":{"name":"ManttoProfileContainer","decl":{"start":{"line":9,"column":24},"end":{"line":9,"column":46}},"loc":{"start":{"line":11,"column":3},"end":{"line":31,"column":1}},"line":11}},"branchMap":{},"s":{"0":2,"1":3},"f":{"0":3},"b":{},"_coverageSchema":"1a1c01bbd47fc00a2c39e90264f33305004495a9","hash":"c5f04cd3edb4155a88307d4e80ed25de71424f62"}
,"C:\\Users\\user\\Desktop\\codeSoom 과제\\project-react-2-Knoa0405\\src\\components\\TalentAndPassionContainer.jsx": {"path":"C:\\Users\\user\\Desktop\\codeSoom 과제\\project-react-2-Knoa0405\\src\\components\\TalentAndPassionContainer.jsx","statementMap":{"0":{"start":{"line":5,"column":25},"end":{"line":8,"column":2}},"1":{"start":{"line":10,"column":24},"end":{"line":23,"column":2}},"2":{"start":{"line":25,"column":25},"end":{"line":38,"column":2}},"3":{"start":{"line":43,"column":2},"end":{"line":72,"column":4}}},"fnMap":{"0":{"name":"TalentAndPassionContainer","decl":{"start":{"line":40,"column":24},"end":{"line":40,"column":49}},"loc":{"start":{"line":42,"column":3},"end":{"line":73,"column":1}},"line":42}},"branchMap":{},"s":{"0":2,"1":2,"2":2,"3":3},"f":{"0":3},"b":{},"_coverageSchema":"1a1c01bbd47fc00a2c39e90264f33305004495a9","hash":"c0e7ce200f26e476a2f3705594ca83af751fbb5e"}
,"C:\\Users\\user\\Desktop\\codeSoom 과제\\project-react-2-Knoa0405\\src\\components\\TalentButtonContainer.jsx": {"path":"C:\\Users\\user\\Desktop\\codeSoom 과제\\project-react-2-Knoa0405\\src\\components\\TalentButtonContainer.jsx","statementMap":{"0":{"start":{"line":8,"column":2},"end":{"line":17,"column":4}}},"fnMap":{"0":{"name":"TalentButtonContainer","decl":{"start":{"line":7,"column":24},"end":{"line":7,"column":45}},"loc":{"start":{"line":7,"column":48},"end":{"line":18,"column":1}},"line":7}},"branchMap":{},"s":{"0":2},"f":{"0":2},"b":{},"_coverageSchema":"1a1c01bbd47fc00a2c39e90264f33305004495a9","hash":"a793937fc756df0c542f50d24f5124c60812dedd"}
,"C:\\Users\\user\\Desktop\\codeSoom 과제\\project-react-2-Knoa0405\\src\\components\\styles\\Logo.jsx": {"path":"C:\\Users\\user\\Desktop\\codeSoom 과제\\project-react-2-Knoa0405\\src\\components\\styles\\Logo.jsx","statementMap":{"0":{"start":{"line":3,"column":13},"end":{"line":6,"column":2}}},"fnMap":{},"branchMap":{},"s":{"0":3},"f":{},"b":{},"_coverageSchema":"1a1c01bbd47fc00a2c39e90264f33305004495a9","hash":"9f5485bd84c02a60c6bbea67db15ad78f403b1dc"}
,"C:\\Users\\user\\Desktop\\codeSoom 과제\\project-react-2-Knoa0405\\src\\components\\styles\\TalentInputButton.jsx": {"path":"C:\\Users\\user\\Desktop\\codeSoom 과제\\project-react-2-Knoa0405\\src\\components\\styles\\TalentInputButton.jsx","statementMap":{"0":{"start":{"line":3,"column":26},"end":{"line":27,"column":2}}},"fnMap":{},"branchMap":{},"s":{"0":2},"f":{},"b":{},"_coverageSchema":"1a1c01bbd47fc00a2c39e90264f33305004495a9","hash":"de4f632840ed34bee0ecba3dcda8f36357fdd59a"}
,"C:\\Users\\user\\Desktop\\codeSoom 과제\\project-react-2-Knoa0405\\src\\fixture\\manttoCategories.js": {"path":"C:\\Users\\user\\Desktop\\codeSoom 과제\\project-react-2-Knoa0405\\src\\fixture\\manttoCategories.js","statementMap":{"0":{"start":{"line":1,"column":25},"end":{"line":47,"column":1}}},"fnMap":{},"branchMap":{},"s":{"0":3},"f":{},"b":{},"_coverageSchema":"1a1c01bbd47fc00a2c39e90264f33305004495a9","hash":"873def0a8aa405b254a872b878f4444f110d79b5"}
,"C:\\Users\\user\\Desktop\\codeSoom 과제\\project-react-2-Knoa0405\\src\\pages\\App.jsx": {"path":"C:\\Users\\user\\Desktop\\codeSoom 과제\\project-react-2-Knoa0405\\src\\pages\\App.jsx","statementMap":{"0":{"start":{"line":29,"column":2},"end":{"line":42,"column":4}}},"fnMap":{"0":{"name":"App","decl":{"start":{"line":28,"column":9},"end":{"line":28,"column":12}},"loc":{"start":{"line":28,"column":15},"end":{"line":43,"column":1}},"line":28}},"branchMap":{},"s":{"0":1},"f":{"0":1},"b":{},"_coverageSchema":"1a1c01bbd47fc00a2c39e90264f33305004495a9","hash":"ddf24301165f6273235d6afb2815fe042e434d81"}
,"C:\\Users\\user\\Desktop\\codeSoom 과제\\project-react-2-Knoa0405\\src\\pages\\MainPage.jsx": {"path":"C:\\Users\\user\\Desktop\\codeSoom 과제\\project-react-2-Knoa0405\\src\\pages\\MainPage.jsx","statementMap":{"0":{"start":{"line":11,"column":23},"end":{"line":18,"column":2}},"1":{"start":{"line":21,"column":2},"end":{"line":28,"column":4}}},"fnMap":{"0":{"name":"MainPage","decl":{"start":{"line":20,"column":9},"end":{"line":20,"column":17}},"loc":{"start":{"line":20,"column":20},"end":{"line":29,"column":1}},"line":20}},"branchMap":{},"s":{"0":2,"1":2},"f":{"0":2},"b":{},"_coverageSchema":"1a1c01bbd47fc00a2c39e90264f33305004495a9","hash":"25d75f382046bcd9a61b12dab28a8f5d8e1cd79c"}
,"C:\\Users\\user\\Desktop\\codeSoom 과제\\project-react-2-Knoa0405\\src\\pages\\TalentBackEndForm.jsx": {"path":"C:\\Users\\user\\Desktop\\codeSoom 과제\\project-react-2-Knoa0405\\src\\pages\\TalentBackEndForm.jsx","statementMap":{"0":{"start":{"line":4,"column":2},"end":{"line":19,"column":4}},"1":{"start":{"line":8,"column":10},"end":{"line":15,"column":15}},"2":{"start":{"line":11,"column":29},"end":{"line":11,"column":50}}},"fnMap":{"0":{"name":"TalentBackEndForm","decl":{"start":{"line":3,"column":9},"end":{"line":3,"column":26}},"loc":{"start":{"line":3,"column":59},"end":{"line":20,"column":1}},"line":3},"1":{"name":"(anonymous_1)","decl":{"start":{"line":7,"column":31},"end":{"line":7,"column":32}},"loc":{"start":{"line":8,"column":10},"end":{"line":15,"column":15}},"line":8},"2":{"name":"(anonymous_2)","decl":{"start":{"line":11,"column":23},"end":{"line":11,"column":24}},"loc":{"start":{"line":11,"column":29},"end":{"line":11,"column":50}},"line":11}},"branchMap":{},"s":{"0":4,"1":8,"2":2},"f":{"0":4,"1":8,"2":2},"b":{},"_coverageSchema":"1a1c01bbd47fc00a2c39e90264f33305004495a9","hash":"e0e5d1254d7a695424eddf8743be3058697a7c7a"}
,"C:\\Users\\user\\Desktop\\codeSoom 과제\\project-react-2-Knoa0405\\src\\pages\\TalentBackEndFormContainer.jsx": {"path":"C:\\Users\\user\\Desktop\\codeSoom 과제\\project-react-2-Knoa0405\\src\\pages\\TalentBackEndFormContainer.jsx","statementMap":{"0":{"start":{"line":13,"column":19},"end":{"line":13,"column":32}},"1":{"start":{"line":15,"column":32},"end":{"line":17,"column":5}},"2":{"start":{"line":15,"column":56},"end":{"line":17,"column":3}},"3":{"start":{"line":20,"column":4},"end":{"line":20,"column":39}},"4":{"start":{"line":23,"column":2},"end":{"line":34,"column":4}}},"fnMap":{"0":{"name":"TalentBackEndFormContainer","decl":{"start":{"line":12,"column":9},"end":{"line":12,"column":35}},"loc":{"start":{"line":12,"column":38},"end":{"line":35,"column":1}},"line":12},"1":{"name":"(anonymous_1)","decl":{"start":{"line":15,"column":44},"end":{"line":15,"column":45}},"loc":{"start":{"line":15,"column":56},"end":{"line":17,"column":3}},"line":15},"2":{"name":"handleClick","decl":{"start":{"line":19,"column":11},"end":{"line":19,"column":22}},"loc":{"start":{"line":19,"column":37},"end":{"line":21,"column":3}},"line":19}},"branchMap":{},"s":{"0":2,"1":2,"2":2,"3":1,"4":2},"f":{"0":2,"1":2,"2":1},"b":{},"_coverageSchema":"1a1c01bbd47fc00a2c39e90264f33305004495a9","hash":"6154fcfa011a494d29c2588011adca51876f87b2"}
,"C:\\Users\\user\\Desktop\\codeSoom 과제\\project-react-2-Knoa0405\\src\\pages\\TalentForm.jsx": {"path":"C:\\Users\\user\\Desktop\\codeSoom 과제\\project-react-2-Knoa0405\\src\\pages\\TalentForm.jsx","statementMap":{"0":{"start":{"line":4,"column":2},"end":{"line":25,"column":4}}},"fnMap":{"0":{"name":"TalentForm","decl":{"start":{"line":3,"column":24},"end":{"line":3,"column":34}},"loc":{"start":{"line":3,"column":48},"end":{"line":26,"column":1}},"line":3}},"branchMap":{},"s":{"0":4},"f":{"0":4},"b":{},"_coverageSchema":"1a1c01bbd47fc00a2c39e90264f33305004495a9","hash":"27512d8920c401f996a21cacf8736d7e3dfb6d03"}
,"C:\\Users\\user\\Desktop\\codeSoom 과제\\project-react-2-Knoa0405\\src\\pages\\TalentFormContainer.jsx": {"path":"C:\\Users\\user\\Desktop\\codeSoom 과제\\project-react-2-Knoa0405\\src\\pages\\TalentFormContainer.jsx","statementMap":{"0":{"start":{"line":15,"column":19},"end":{"line":15,"column":32}},"1":{"start":{"line":17,"column":29},"end":{"line":19,"column":5}},"2":{"start":{"line":17,"column":53},"end":{"line":19,"column":3}},"3":{"start":{"line":21,"column":26},"end":{"line":21,"column":40}},"4":{"start":{"line":23,"column":2},"end":{"line":25,"column":9}},"5":{"start":{"line":24,"column":4},"end":{"line":24,"column":31}},"6":{"start":{"line":28,"column":22},"end":{"line":28,"column":30}},"7":{"start":{"line":29,"column":4},"end":{"line":29,"column":38}},"8":{"start":{"line":32,"column":2},"end":{"line":40,"column":4}}},"fnMap":{"0":{"name":"TalentFormContainer","decl":{"start":{"line":14,"column":9},"end":{"line":14,"column":28}},"loc":{"start":{"line":14,"column":31},"end":{"line":41,"column":1}},"line":14},"1":{"name":"(anonymous_1)","decl":{"start":{"line":17,"column":41},"end":{"line":17,"column":42}},"loc":{"start":{"line":17,"column":53},"end":{"line":19,"column":3}},"line":17},"2":{"name":"(anonymous_2)","decl":{"start":{"line":23,"column":12},"end":{"line":23,"column":13}},"loc":{"start":{"line":23,"column":18},"end":{"line":25,"column":3}},"line":23},"3":{"name":"handleClick","decl":{"start":{"line":27,"column":11},"end":{"line":27,"column":22}},"loc":{"start":{"line":27,"column":26},"end":{"line":30,"column":3}},"line":27}},"branchMap":{},"s":{"0":2,"1":2,"2":2,"3":2,"4":2,"5":2,"6":1,"7":1,"8":2},"f":{"0":2,"1":2,"2":2,"3":1},"b":{},"_coverageSchema":"1a1c01bbd47fc00a2c39e90264f33305004495a9","hash":"97839b242b1bb792748583b426e06188f398d8d2"}
,"C:\\Users\\user\\Desktop\\codeSoom 과제\\project-react-2-Knoa0405\\src\\pages\\TalentFrontEndForm.jsx": {"path":"C:\\Users\\user\\Desktop\\codeSoom 과제\\project-react-2-Knoa0405\\src\\pages\\TalentFrontEndForm.jsx","statementMap":{"0":{"start":{"line":4,"column":2},"end":{"line":19,"column":4}},"1":{"start":{"line":8,"column":10},"end":{"line":15,"column":15}},"2":{"start":{"line":11,"column":29},"end":{"line":11,"column":50}}},"fnMap":{"0":{"name":"TalentFrontEndForm","decl":{"start":{"line":3,"column":9},"end":{"line":3,"column":27}},"loc":{"start":{"line":3,"column":61},"end":{"line":20,"column":1}},"line":3},"1":{"name":"(anonymous_1)","decl":{"start":{"line":7,"column":32},"end":{"line":7,"column":33}},"loc":{"start":{"line":8,"column":10},"end":{"line":15,"column":15}},"line":8},"2":{"name":"(anonymous_2)","decl":{"start":{"line":11,"column":23},"end":{"line":11,"column":24}},"loc":{"start":{"line":11,"column":29},"end":{"line":11,"column":50}},"line":11}},"branchMap":{},"s":{"0":4,"1":8,"2":2},"f":{"0":4,"1":8,"2":2},"b":{},"_coverageSchema":"1a1c01bbd47fc00a2c39e90264f33305004495a9","hash":"8ee6ba3c23974eef4650e9b5b68578b7eb8d005e"}
,"C:\\Users\\user\\Desktop\\codeSoom 과제\\project-react-2-Knoa0405\\src\\pages\\TalentFrontEndFormContainer.jsx": {"path":"C:\\Users\\user\\Desktop\\codeSoom 과제\\project-react-2-Knoa0405\\src\\pages\\TalentFrontEndFormContainer.jsx","statementMap":{"0":{"start":{"line":13,"column":19},"end":{"line":13,"column":32}},"1":{"start":{"line":15,"column":33},"end":{"line":17,"column":5}},"2":{"start":{"line":15,"column":57},"end":{"line":17,"column":3}},"3":{"start":{"line":20,"column":4},"end":{"line":20,"column":39}},"4":{"start":{"line":23,"column":2},"end":{"line":34,"column":4}}},"fnMap":{"0":{"name":"TalentFrontEndFormContainer","decl":{"start":{"line":12,"column":9},"end":{"line":12,"column":36}},"loc":{"start":{"line":12,"column":39},"end":{"line":35,"column":1}},"line":12},"1":{"name":"(anonymous_1)","decl":{"start":{"line":15,"column":45},"end":{"line":15,"column":46}},"loc":{"start":{"line":15,"column":57},"end":{"line":17,"column":3}},"line":15},"2":{"name":"handleClick","decl":{"start":{"line":19,"column":11},"end":{"line":19,"column":22}},"loc":{"start":{"line":19,"column":37},"end":{"line":21,"column":3}},"line":19}},"branchMap":{},"s":{"0":2,"1":2,"2":2,"3":1,"4":2},"f":{"0":2,"1":2,"2":1},"b":{},"_coverageSchema":"1a1c01bbd47fc00a2c39e90264f33305004495a9","hash":"7b078df48f8488b30d60ad03a5b1bd35fac5c458"}
,"C:\\Users\\user\\Desktop\\codeSoom 과제\\project-react-2-Knoa0405\\src\\pages\\TalentProficiency.jsx": {"path":"C:\\Users\\user\\Desktop\\codeSoom 과제\\project-react-2-Knoa0405\\src\\pages\\TalentProficiency.jsx","statementMap":{"0":{"start":{"line":5,"column":2},"end":{"line":32,"column":4}},"1":{"start":{"line":11,"column":10},"end":{"line":18,"column":15}},"2":{"start":{"line":14,"column":29},"end":{"line":14,"column":43}}},"fnMap":{"0":{"name":"TalentProficiency","decl":{"start":{"line":4,"column":9},"end":{"line":4,"column":26}},"loc":{"start":{"line":4,"column":68},"end":{"line":33,"column":1}},"line":4},"1":{"name":"(anonymous_1)","decl":{"start":{"line":10,"column":29},"end":{"line":10,"column":30}},"loc":{"start":{"line":11,"column":10},"end":{"line":18,"column":15}},"line":11},"2":{"name":"(anonymous_2)","decl":{"start":{"line":14,"column":23},"end":{"line":14,"column":24}},"loc":{"start":{"line":14,"column":29},"end":{"line":14,"column":43}},"line":14}},"branchMap":{},"s":{"0":5,"1":15,"2":4},"f":{"0":5,"1":15,"2":4},"b":{},"_coverageSchema":"1a1c01bbd47fc00a2c39e90264f33305004495a9","hash":"962ff3a2fd9b6d40ac845e668e1c7374e4e84d9f"}
,"C:\\Users\\user\\Desktop\\codeSoom 과제\\project-react-2-Knoa0405\\src\\pages\\TalentProficiencyContainer.jsx": {"path":"C:\\Users\\user\\Desktop\\codeSoom 과제\\project-react-2-Knoa0405\\src\\pages\\TalentProficiencyContainer.jsx","statementMap":{"0":{"start":{"line":12,"column":29},"end":{"line":15,"column":5}},"1":{"start":{"line":12,"column":53},"end":{"line":15,"column":3}},"2":{"start":{"line":17,"column":31},"end":{"line":17,"column":45}},"3":{"start":{"line":19,"column":19},"end":{"line":19,"column":32}},"4":{"start":{"line":22,"column":4},"end":{"line":22,"column":39}},"5":{"start":{"line":26,"column":4},"end":{"line":26,"column":29}},"6":{"start":{"line":29,"column":2},"end":{"line":35,"column":4}}},"fnMap":{"0":{"name":"TalentProficiencyContainer","decl":{"start":{"line":11,"column":9},"end":{"line":11,"column":35}},"loc":{"start":{"line":11,"column":38},"end":{"line":36,"column":1}},"line":11},"1":{"name":"(anonymous_1)","decl":{"start":{"line":12,"column":41},"end":{"line":12,"column":42}},"loc":{"start":{"line":12,"column":53},"end":{"line":15,"column":3}},"line":12},"2":{"name":"handleClick","decl":{"start":{"line":21,"column":11},"end":{"line":21,"column":22}},"loc":{"start":{"line":21,"column":30},"end":{"line":23,"column":3}},"line":21},"3":{"name":"handleSubmit","decl":{"start":{"line":25,"column":11},"end":{"line":25,"column":23}},"loc":{"start":{"line":25,"column":26},"end":{"line":27,"column":3}},"line":25}},"branchMap":{},"s":{"0":3,"1":3,"2":3,"3":3,"4":1,"5":1,"6":3},"f":{"0":3,"1":3,"2":1,"3":1},"b":{},"_coverageSchema":"1a1c01bbd47fc00a2c39e90264f33305004495a9","hash":"0f51b749f78a6aa98f0ef42ffb30564cdf5f7688"}
,"C:\\Users\\user\\Desktop\\codeSoom 과제\\project-react-2-Knoa0405\\src\\pages\\TalentsContainer.jsx": {"path":"C:\\Users\\user\\Desktop\\codeSoom 과제\\project-react-2-Knoa0405\\src\\pages\\TalentsContainer.jsx","statementMap":{"0":{"start":{"line":12,"column":20},"end":{"line":15,"column":2}},"1":{"start":{"line":17,"column":30},"end":{"line":24,"column":2}},"2":{"start":{"line":26,"column":25},"end":{"line":28,"column":2}},"3":{"start":{"line":30,"column":23},"end":{"line":32,"column":2}},"4":{"start":{"line":35,"column":19},"end":{"line":35,"column":32}},"5":{"start":{"line":37,"column":47},"end":{"line":40,"column":5}},"6":{"start":{"line":37,"column":71},"end":{"line":40,"column":3}},"7":{"start":{"line":42,"column":2},"end":{"line":44,"column":9}},"8":{"start":{"line":43,"column":4},"end":{"line":43,"column":37}},"9":{"start":{"line":46,"column":57},"end":{"line":46,"column":71}},"10":{"start":{"line":48,"column":2},"end":{"line":70,"column":4}},"11":{"start":{"line":55,"column":10},"end":{"line":63,"column":27}}},"fnMap":{"0":{"name":"TalentsContainer","decl":{"start":{"line":34,"column":24},"end":{"line":34,"column":40}},"loc":{"start":{"line":34,"column":43},"end":{"line":71,"column":1}},"line":34},"1":{"name":"(anonymous_1)","decl":{"start":{"line":37,"column":59},"end":{"line":37,"column":60}},"loc":{"start":{"line":37,"column":71},"end":{"line":40,"column":3}},"line":37},"2":{"name":"(anonymous_2)","decl":{"start":{"line":42,"column":12},"end":{"line":42,"column":13}},"loc":{"start":{"line":42,"column":18},"end":{"line":44,"column":3}},"line":42},"3":{"name":"(anonymous_3)","decl":{"start":{"line":52,"column":30},"end":{"line":52,"column":31}},"loc":{"start":{"line":55,"column":10},"end":{"line":63,"column":27}},"line":55}},"branchMap":{},"s":{"0":2,"1":2,"2":2,"3":2,"4":1,"5":1,"6":1,"7":1,"8":1,"9":1,"10":1,"11":3},"f":{"0":1,"1":1,"2":1,"3":3},"b":{},"_coverageSchema":"1a1c01bbd47fc00a2c39e90264f33305004495a9","hash":"d458abd6a373f5f488a75fca907c3a223f5decd6"}
,"C:\\Users\\user\\Desktop\\codeSoom 과제\\project-react-2-Knoa0405\\src\\pages\\UserInfo.jsx": {"path":"C:\\Users\\user\\Desktop\\codeSoom 과제\\project-react-2-Knoa0405\\src\\pages\\UserInfo.jsx","statementMap":{"0":{"start":{"line":5,"column":21},"end":{"line":10,"column":2}},"1":{"start":{"line":12,"column":14},"end":{"line":14,"column":2}},"2":{"start":{"line":19,"column":2},"end":{"line":34,"column":4}}},"fnMap":{"0":{"name":"UserInfo","decl":{"start":{"line":16,"column":24},"end":{"line":16,"column":32}},"loc":{"start":{"line":18,"column":3},"end":{"line":35,"column":1}},"line":18}},"branchMap":{},"s":{"0":3,"1":3,"2":4},"f":{"0":4},"b":{},"_coverageSchema":"1a1c01bbd47fc00a2c39e90264f33305004495a9","hash":"dbe7babfef78619264951ec7428c9b7d1aadac80"}
,"C:\\Users\\user\\Desktop\\codeSoom 과제\\project-react-2-Knoa0405\\src\\pages\\UserInfoContainer.jsx": {"path":"C:\\Users\\user\\Desktop\\codeSoom 과제\\project-react-2-Knoa0405\\src\\pages\\UserInfoContainer.jsx","statementMap":{"0":{"start":{"line":14,"column":23},"end":{"line":21,"column":2}},"1":{"start":{"line":24,"column":19},"end":{"line":24,"column":32}},"2":{"start":{"line":26,"column":23},"end":{"line":28,"column":5}},"3":{"start":{"line":26,"column":47},"end":{"line":28,"column":3}},"4":{"start":{"line":31,"column":28},"end":{"line":31,"column":36}},"5":{"start":{"line":33,"column":4},"end":{"line":33,"column":43}},"6":{"start":{"line":36,"column":2},"end":{"line":47,"column":4}}},"fnMap":{"0":{"name":"UserInfoContainer","decl":{"start":{"line":23,"column":9},"end":{"line":23,"column":26}},"loc":{"start":{"line":23,"column":29},"end":{"line":48,"column":1}},"line":23},"1":{"name":"(anonymous_1)","decl":{"start":{"line":26,"column":35},"end":{"line":26,"column":36}},"loc":{"start":{"line":26,"column":47},"end":{"line":28,"column":3}},"line":26},"2":{"name":"handleChange","decl":{"start":{"line":30,"column":11},"end":{"line":30,"column":23}},"loc":{"start":{"line":30,"column":27},"end":{"line":34,"column":3}},"line":30}},"branchMap":{},"s":{"0":2,"1":2,"2":2,"3":2,"4":3,"5":3,"6":2},"f":{"0":2,"1":2,"2":3},"b":{},"_coverageSchema":"1a1c01bbd47fc00a2c39e90264f33305004495a9","hash":"27501a2486e0a483404ed6a4b27bfe79cd743a19"}
,"C:\\Users\\user\\Desktop\\codeSoom 과제\\project-react-2-Knoa0405\\src\\pages\\styles\\Header.jsx": {"path":"C:\\Users\\user\\Desktop\\codeSoom 과제\\project-react-2-Knoa0405\\src\\pages\\styles\\Header.jsx","statementMap":{"0":{"start":{"line":3,"column":15},"end":{"line":5,"column":2}}},"fnMap":{},"branchMap":{},"s":{"0":2},"f":{},"b":{},"_coverageSchema":"1a1c01bbd47fc00a2c39e90264f33305004495a9","hash":"dd563b7d68a3f01eca2edc3a0a1ac39bfaea7b6a"}
,"C:\\Users\\user\\Desktop\\codeSoom 과제\\project-react-2-Knoa0405\\src\\pages\\styles\\Reset.jsx": {"path":"C:\\Users\\user\\Desktop\\codeSoom 과제\\project-react-2-Knoa0405\\src\\pages\\styles\\Reset.jsx","statementMap":{"0":{"start":{"line":3,"column":14},"end":{"line":13,"column":1}}},"fnMap":{},"branchMap":{},"s":{"0":1},"f":{},"b":{},"_coverageSchema":"1a1c01bbd47fc00a2c39e90264f33305004495a9","hash":"2192e53dc08e00a67163e2b78dd6e217e770dd16"}
,"C:\\Users\\user\\Desktop\\codeSoom 과제\\project-react-2-Knoa0405\\src\\redux\\slice.js": {"path":"C:\\Users\\user\\Desktop\\codeSoom 과제\\project-react-2-Knoa0405\\src\\redux\\slice.js","statementMap":{"0":{"start":{"line":9,"column":29},"end":{"line":86,"column":2}},"1":{"start":{"line":32,"column":6},"end":{"line":38,"column":8}},"2":{"start":{"line":42,"column":6},"end":{"line":46,"column":8}},"3":{"start":{"line":50,"column":6},"end":{"line":56,"column":8}},"4":{"start":{"line":60,"column":6},"end":{"line":66,"column":8}},"5":{"start":{"line":70,"column":6},"end":{"line":73,"column":8}},"6":{"start":{"line":77,"column":6},"end":{"line":83,"column":8}},"7":{"start":{"line":95,"column":4},"end":{"line":95,"column":11}},"8":{"start":{"line":98,"column":2},"end":{"line":102,"column":4}},"9":{"start":{"line":99,"column":54},"end":{"line":99,"column":77}},"10":{"start":{"line":101,"column":4},"end":{"line":101,"column":71}},"11":{"start":{"line":106,"column":2},"end":{"line":110,"column":4}},"12":{"start":{"line":107,"column":45},"end":{"line":107,"column":74}},"13":{"start":{"line":109,"column":4},"end":{"line":109,"column":52}},"14":{"start":{"line":114,"column":2},"end":{"line":122,"column":4}},"15":{"start":{"line":115,"column":64},"end":{"line":115,"column":74}},"16":{"start":{"line":117,"column":4},"end":{"line":119,"column":7}},"17":{"start":{"line":121,"column":4},"end":{"line":121,"column":37}}},"fnMap":{"0":{"name":"(anonymous_0)","decl":{"start":{"line":31,"column":4},"end":{"line":31,"column":5}},"loc":{"start":{"line":31,"column":48},"end":{"line":39,"column":5}},"line":31},"1":{"name":"(anonymous_1)","decl":{"start":{"line":41,"column":4},"end":{"line":41,"column":5}},"loc":{"start":{"line":41,"column":81},"end":{"line":47,"column":5}},"line":41},"2":{"name":"(anonymous_2)","decl":{"start":{"line":49,"column":4},"end":{"line":49,"column":5}},"loc":{"start":{"line":49,"column":49},"end":{"line":57,"column":5}},"line":49},"3":{"name":"(anonymous_3)","decl":{"start":{"line":59,"column":4},"end":{"line":59,"column":5}},"loc":{"start":{"line":59,"column":49},"end":{"line":67,"column":5}},"line":59},"4":{"name":"(anonymous_4)","decl":{"start":{"line":69,"column":4},"end":{"line":69,"column":5}},"loc":{"start":{"line":69,"column":62},"end":{"line":74,"column":5}},"line":69},"5":{"name":"(anonymous_5)","decl":{"start":{"line":76,"column":4},"end":{"line":76,"column":5}},"loc":{"start":{"line":76,"column":53},"end":{"line":84,"column":5}},"line":76},"6":{"name":"loadCategories","decl":{"start":{"line":97,"column":16},"end":{"line":97,"column":30}},"loc":{"start":{"line":97,"column":33},"end":{"line":103,"column":1}},"line":97},"7":{"name":"(anonymous_7)","decl":{"start":{"line":98,"column":9},"end":{"line":98,"column":10}},"loc":{"start":{"line":98,"column":29},"end":{"line":102,"column":3}},"line":98},"8":{"name":"loadManttoCategories","decl":{"start":{"line":105,"column":16},"end":{"line":105,"column":36}},"loc":{"start":{"line":105,"column":39},"end":{"line":111,"column":1}},"line":105},"9":{"name":"(anonymous_9)","decl":{"start":{"line":106,"column":9},"end":{"line":106,"column":10}},"loc":{"start":{"line":106,"column":29},"end":{"line":110,"column":3}},"line":106},"10":{"name":"sendCategory","decl":{"start":{"line":113,"column":16},"end":{"line":113,"column":28}},"loc":{"start":{"line":113,"column":31},"end":{"line":123,"column":1}},"line":113},"11":{"name":"(anonymous_11)","decl":{"start":{"line":114,"column":9},"end":{"line":114,"column":10}},"loc":{"start":{"line":114,"column":39},"end":{"line":122,"column":3}},"line":114}},"branchMap":{},"s":{"0":8,"1":1,"2":1,"3":1,"4":1,"5":1,"6":1,"7":8,"8":3,"9":1,"10":1,"11":3,"12":2,"13":2,"14":2,"15":1,"16":1,"17":1},"f":{"0":1,"1":1,"2":1,"3":1,"4":1,"5":1,"6":3,"7":1,"8":3,"9":2,"10":2,"11":1},"b":{},"_coverageSchema":"1a1c01bbd47fc00a2c39e90264f33305004495a9","hash":"8962f9069a278e202e9d6abf39b62e01f965605b"}
,"C:\\Users\\user\\Desktop\\codeSoom 과제\\project-react-2-Knoa0405\\src\\services\\api.js": {"path":"C:\\Users\\user\\Desktop\\codeSoom 과제\\project-react-2-Knoa0405\\src\\services\\api.js","statementMap":{"0":{"start":{"line":4,"column":19},"end":{"line":4,"column":51}},"1":{"start":{"line":5,"column":18},"end":{"line":5,"column":49}},"2":{"start":{"line":7,"column":24},"end":{"line":7,"column":45}},"3":{"start":{"line":8,"column":23},"end":{"line":8,"column":43}},"4":{"start":{"line":10,"column":29},"end":{"line":10,"column":55}},"5":{"start":{"line":11,"column":28},"end":{"line":11,"column":53}},"6":{"start":{"line":13,"column":2},"end":{"line":13,"column":51}},"7":{"start":{"line":17,"column":14},"end":{"line":17,"column":45}},"8":{"start":{"line":19,"column":19},"end":{"line":19,"column":35}},"9":{"start":{"line":21,"column":21},"end":{"line":21,"column":42}},"10":{"start":{"line":23,"column":2},"end":{"line":23,"column":24}},"11":{"start":{"line":29,"column":14},"end":{"line":29,"column":45}},"12":{"start":{"line":31,"column":19},"end":{"line":48,"column":4}},"13":{"start":{"line":50,"column":2},"end":{"line":50,"column":24}}},"fnMap":{"0":{"name":"fetchCategories","decl":{"start":{"line":3,"column":22},"end":{"line":3,"column":37}},"loc":{"start":{"line":3,"column":40},"end":{"line":14,"column":1}},"line":3},"1":{"name":"fetchManttoCategories","decl":{"start":{"line":16,"column":22},"end":{"line":16,"column":43}},"loc":{"start":{"line":16,"column":46},"end":{"line":24,"column":1}},"line":16},"2":{"name":"postCategory","decl":{"start":{"line":26,"column":22},"end":{"line":26,"column":34}},"loc":{"start":{"line":28,"column":3},"end":{"line":51,"column":1}},"line":28}},"branchMap":{},"s":{"0":1,"1":1,"2":1,"3":1,"4":1,"5":1,"6":1,"7":1,"8":1,"9":1,"10":1,"11":1,"12":1,"13":1},"f":{"0":1,"1":1,"2":1},"b":{},"_coverageSchema":"1a1c01bbd47fc00a2c39e90264f33305004495a9","hash":"b2ae6763bf0731142221c4679ea5db1bfc51ea70"}
}
