{"C:\\Users\\user\\Desktop\\codeSoom 과제\\project-react-2-Knoa0405\\src\\App.jsx": {"path":"C:\\Users\\user\\Desktop\\codeSoom 과제\\project-react-2-Knoa0405\\src\\App.jsx","statementMap":{"0":{"start":{"line":4,"column":2},"end":{"line":6,"column":4}}},"fnMap":{"0":{"name":"App","decl":{"start":{"line":3,"column":9},"end":{"line":3,"column":12}},"loc":{"start":{"line":3,"column":15},"end":{"line":7,"column":1}},"line":3}},"branchMap":{},"s":{"0":1},"f":{"0":1},"b":{},"_coverageSchema":"1a1c01bbd47fc00a2c39e90264f33305004495a9","hash":"bf19423dd639007d9b15c0a3a52322f50b0f1608"}
}
