TN:
SF:src\components\InfoContainer.jsx
FN:37,InfoContainer
FNF:1
FNH:1
FNDA:6,InfoContainer
DA:11,3
DA:22,3
DA:31,3
DA:40,6
LF:4
LH:4
BRF:0
BRH:0
end_of_record
TN:
SF:src\components\LogoContainer.jsx
FN:7,LogoContainer
FNF:1
FNH:1
FNDA:2,LogoContainer
DA:8,2
LF:1
LH:1
BRF:0
BRH:0
end_of_record
TN:
SF:src\components\ManttoProfileContainer.jsx
FN:9,ManttoProfileContainer
FNF:1
FNH:1
FNDA:6,ManttoProfileContainer
DA:5,3
DA:12,6
LF:2
LH:2
BRF:0
BRH:0
end_of_record
TN:
SF:src\components\NextButtonContainer.jsx
FN:11,NextButtonContainer
FNF:1
FNH:1
FNDA:17,NextButtonContainer
DA:12,17
LF:1
LH:1
BRF:0
BRH:0
end_of_record
TN:
SF:src\components\TalentAndPassionContainer.jsx
FN:40,TalentAndPassionContainer
FNF:1
FNH:1
FNDA:6,TalentAndPassionContainer
DA:5,3
DA:10,3
DA:25,3
DA:43,6
LF:4
LH:4
BRF:0
BRH:0
end_of_record
TN:
SF:src\components\TalentButtonContainer.jsx
FN:7,TalentButtonContainer
FNF:1
FNH:1
FNDA:2,TalentButtonContainer
DA:8,2
LF:1
LH:1
BRF:0
BRH:0
end_of_record
TN:
SF:src\components\styles\CategoryButton.jsx
FNF:0
FNH:0
DA:3,4
LF:1
LH:1
BRF:0
BRH:0
end_of_record
TN:
SF:src\components\styles\Item.jsx
FNF:0
FNH:0
DA:3,8
LF:1
LH:1
BRF:0
BRH:0
end_of_record
TN:
SF:src\components\styles\List.jsx
FNF:0
FNH:0
DA:3,8
LF:1
LH:1
BRF:0
BRH:0
end_of_record
TN:
SF:src\components\styles\Logo.jsx
FNF:0
FNH:0
DA:3,2
LF:1
LH:1
BRF:0
BRH:0
end_of_record
TN:
SF:src\components\styles\NextButton.jsx
FNF:0
FNH:0
DA:3,8
LF:1
LH:1
BRF:0
BRH:0
end_of_record
TN:
SF:src\components\styles\TalentInputButton.jsx
FNF:0
FNH:0
DA:3,4
LF:1
LH:1
BRF:0
BRH:0
end_of_record
TN:
SF:src\components\styles\Title.jsx
FNF:0
FNH:0
DA:3,6
LF:1
LH:1
BRF:0
BRH:0
end_of_record
TN:
SF:src\fixture\categories.js
FNF:0
FNH:0
DA:1,1
LF:1
LH:1
BRF:0
BRH:0
end_of_record
TN:
SF:src\fixture\manttoCategories.js
FNF:0
FNH:0
DA:1,4
LF:1
LH:1
BRF:0
BRH:0
end_of_record
TN:
SF:src\pages\App.jsx
FN:30,App
FNF:1
FNH:1
FNDA:1,App
DA:31,1
LF:1
LH:1
BRF:0
BRH:0
end_of_record
TN:
SF:src\pages\CategoriesForm.jsx
FN:11,CategoriesForm
FN:17,(anonymous_1)
FN:21,(anonymous_2)
FNF:3
FNH:3
FNDA:9,CategoriesForm
FNDA:16,(anonymous_1)
FNDA:5,(anonymous_2)
DA:14,9
DA:18,16
DA:21,5
LF:3
LH:3
BRDA:12,0,0,1
BRDA:30,1,0,5
BRDA:30,1,1,4
BRF:3
BRH:3
end_of_record
TN:
SF:src\pages\CategoriesFormContainer.jsx
FN:13,CategoriesFormContainer
FN:16,handleClick
FN:25,handleSubmit
FNF:3
FNH:3
FNDA:6,CategoriesFormContainer
FNDA:4,handleClick
FNDA:1,handleSubmit
DA:14,6
DA:17,4
DA:18,2
DA:20,4
DA:21,2
DA:26,1
DA:29,6
LF:7
LH:7
BRDA:17,0,0,2
BRDA:17,0,1,2
BRDA:20,1,0,2
BRDA:20,1,1,2
BRF:4
BRH:4
end_of_record
TN:
SF:src\pages\CategoriesPage.jsx
FN:11,CategoriesPage
FN:14,(anonymous_1)
FNF:2
FNH:2
FNDA:2,CategoriesPage
FNDA:2,(anonymous_1)
DA:12,2
DA:14,2
DA:18,2
DA:20,2
DA:23,2
DA:24,1
DA:29,1
LF:7
LH:7
BRDA:12,0,0,2
BRDA:12,0,1,0
BRDA:18,1,0,1
BRDA:18,1,1,1
BRDA:20,2,0,1
BRDA:20,2,1,1
BRDA:23,3,0,1
BRDA:23,3,1,1
BRF:8
BRH:7
end_of_record
TN:
SF:src\pages\MainPage.jsx
FN:5,MainPage
FNF:1
FNH:1
FNDA:2,MainPage
DA:6,2
LF:1
LH:1
BRF:0
BRH:0
end_of_record
TN:
SF:src\pages\TalentForm.jsx
FN:9,TalentForm
FNF:1
FNH:1
FNDA:5,TalentForm
DA:10,5
LF:1
LH:1
BRF:0
BRH:0
end_of_record
TN:
SF:src\pages\TalentFormContainer.jsx
FN:27,TalentFormContainer
FN:32,(anonymous_1)
FN:39,(anonymous_2)
FN:43,handleClick
FNF:4
FNH:4
FNDA:3,TalentFormContainer
FNDA:3,(anonymous_1)
FNDA:3,(anonymous_2)
FNDA:2,handleClick
DA:21,2
DA:28,3
DA:30,3
DA:32,3
DA:37,3
DA:39,3
DA:40,3
DA:44,2
DA:45,2
DA:46,1
DA:48,2
DA:49,1
DA:53,3
DA:54,1
DA:55,1
DA:66,2
LF:16
LH:16
BRDA:28,0,0,3
BRDA:28,0,1,1
BRDA:45,1,0,1
BRDA:45,1,1,1
BRDA:48,2,0,1
BRDA:48,2,1,1
BRDA:53,3,0,1
BRDA:53,3,1,2
BRF:8
BRH:8
end_of_record
TN:
SF:src\pages\TalentProficiency.jsx
FN:22,(anonymous_0)
FN:30,TalentProficiency
FN:41,(anonymous_2)
FN:45,(anonymous_3)
FNF:4
FNH:4
FNDA:9,(anonymous_0)
FNDA:3,TalentProficiency
FNDA:9,(anonymous_2)
FNDA:4,(anonymous_3)
DA:15,3
DA:22,9
DA:31,3
DA:37,3
DA:42,9
DA:45,4
LF:6
LH:6
BRF:0
BRH:0
end_of_record
TN:
SF:src\pages\TalentProficiencyContainer.jsx
FN:11,TalentProficiencyContainer
FN:12,(anonymous_1)
FN:20,handleClick
FNF:3
FNH:3
FNDA:2,TalentProficiencyContainer
FNDA:2,(anonymous_1)
FNDA:1,handleClick
DA:12,2
DA:16,2
DA:18,2
DA:21,1
DA:24,2
LF:5
LH:5
BRF:0
BRH:0
end_of_record
TN:
SF:src\pages\Talents.jsx
FN:20,Talents
FN:37,(anonymous_1)
FNF:2
FNH:2
FNDA:4,Talents
FNDA:6,(anonymous_1)
DA:7,3
DA:12,3
DA:16,3
DA:21,4
DA:22,1
DA:27,3
DA:28,1
DA:33,2
DA:40,6
LF:9
LH:9
BRDA:21,0,0,1
BRDA:21,0,1,3
BRDA:27,1,0,1
BRDA:27,1,1,2
BRF:4
BRH:4
end_of_record
TN:
SF:src\pages\TalentsContainer.jsx
FN:11,TalentsContainer
FN:14,(anonymous_1)
FN:19,(anonymous_2)
FNF:3
FNH:3
FNDA:1,TalentsContainer
FNDA:1,(anonymous_1)
FNDA:1,(anonymous_2)
DA:12,1
DA:14,1
DA:19,1
DA:20,1
DA:23,1
LF:5
LH:5
BRF:0
BRH:0
end_of_record
TN:
SF:src\pages\UserInfo.jsx
FN:16,UserInfo
FNF:1
FNH:1
FNDA:4,UserInfo
DA:5,3
DA:12,3
DA:19,4
LF:3
LH:3
BRF:0
BRH:0
end_of_record
TN:
SF:src\pages\UserInfoContainer.jsx
FN:15,UserInfoContainer
FN:18,(anonymous_1)
FN:22,handleChange
FNF:3
FNH:3
FNDA:2,UserInfoContainer
FNDA:2,(anonymous_1)
FNDA:3,handleChange
DA:16,2
DA:18,2
DA:23,3
DA:25,3
DA:28,2
LF:5
LH:5
BRF:0
BRH:0
end_of_record
TN:
SF:src\pages\styles\Header.jsx
FNF:0
FNH:0
DA:3,1
LF:1
LH:1
BRF:0
BRH:0
end_of_record
TN:
SF:src\pages\styles\PageLayout.jsx
FNF:0
FNH:0
DA:3,1
LF:1
LH:1
BRF:0
BRH:0
end_of_record
TN:
SF:src\pages\styles\Reset.jsx
FNF:0
FNH:0
DA:3,1
LF:1
LH:1
BRF:0
BRH:0
end_of_record
TN:
SF:src\redux\slice.js
FN:38,(anonymous_0)
FN:48,(anonymous_1)
FN:58,(anonymous_2)
FN:72,(anonymous_3)
FN:82,(anonymous_4)
FN:92,(anonymous_5)
FN:102,(anonymous_6)
FN:105,(anonymous_7)
FN:110,(anonymous_8)
FN:133,loadCategories
FN:134,(anonymous_10)
FN:141,loadManttoCategories
FN:142,(anonymous_12)
FN:149,sendCategory
FN:150,(anonymous_14)
FNF:15
FNH:15
FNDA:1,(anonymous_0)
FNDA:1,(anonymous_1)
FNDA:1,(anonymous_2)
FNDA:1,(anonymous_3)
FNDA:1,(anonymous_4)
FNDA:1,(anonymous_5)
FNDA:1,(anonymous_6)
FNDA:2,(anonymous_7)
FNDA:1,(anonymous_8)
FNDA:4,loadCategories
FNDA:1,(anonymous_10)
FNDA:3,loadManttoCategories
FNDA:2,(anonymous_12)
FNDA:2,sendCategory
FNDA:1,(anonymous_14)
DA:9,8
DA:39,1
DA:49,1
DA:59,1
DA:73,1
DA:83,1
DA:93,1
DA:103,1
DA:105,2
DA:111,1
DA:131,8
DA:134,4
DA:135,1
DA:137,1
DA:142,3
DA:143,2
DA:145,2
DA:150,2
DA:151,1
DA:153,1
DA:157,1
LF:21
LH:21
BRDA:143,0,0,2
BRF:1
BRH:1
end_of_record
TN:
SF:src\services\api.js
FN:3,fetchCategories
FN:13,fetchManttoCategories
FN:21,postCategory
FNF:3
FNH:3
FNDA:1,fetchCategories
FNDA:1,fetchManttoCategories
FNDA:1,postCategory
DA:4,1
DA:5,1
DA:7,1
DA:8,1
DA:10,1
DA:14,1
DA:16,1
DA:18,1
DA:24,1
DA:44,1
LF:10
LH:10
BRF:0
BRH:0
end_of_record
