TN:
SF:src\components\AuthRoute.jsx
FN:5,AuthRoute
FN:19,(anonymous_1)
FNF:2
FNH:0
FNDA:0,AuthRoute
FNDA:0,(anonymous_1)
DA:8,0
DA:9,0
DA:17,0
DA:20,0
LF:4
LH:0
BRDA:8,0,0,0
BRDA:8,0,1,0
BRF:2
BRH:0
end_of_record
TN:
SF:src\components\InfoContainer.jsx
FN:37,InfoContainer
FNF:1
FNH:1
FNDA:6,InfoContainer
DA:11,3
DA:22,3
DA:31,3
DA:40,6
LF:4
LH:4
BRF:0
BRH:0
end_of_record
TN:
SF:src\components\LogoContainer.jsx
FN:7,LogoContainer
FNF:1
FNH:1
FNDA:2,LogoContainer
DA:8,2
LF:1
LH:1
BRF:0
BRH:0
end_of_record
TN:
SF:src\components\ManttoProfileContainer.jsx
FN:9,ManttoProfileContainer
FNF:1
FNH:1
FNDA:6,ManttoProfileContainer
DA:5,3
DA:12,6
LF:2
LH:2
BRF:0
BRH:0
end_of_record
TN:
SF:src\components\NextButtonContainer.jsx
FN:11,NextButtonContainer
FNF:1
FNH:1
FNDA:17,NextButtonContainer
DA:12,17
LF:1
LH:1
BRF:0
BRH:0
end_of_record
TN:
SF:src\components\TalentAndPassionContainer.jsx
FN:40,TalentAndPassionContainer
FNF:1
FNH:1
FNDA:6,TalentAndPassionContainer
DA:5,3
DA:10,3
DA:25,3
DA:43,6
LF:4
LH:4
BRF:0
BRH:0
end_of_record
TN:
SF:src\components\TalentButtonContainer.jsx
FN:7,TalentButtonContainer
FNF:1
FNH:1
FNDA:1,TalentButtonContainer
DA:8,1
LF:1
LH:1
BRF:0
BRH:0
end_of_record
TN:
SF:src\components\styles\CategoryButton.jsx
FNF:0
FNH:0
DA:3,4
LF:1
LH:1
BRF:0
BRH:0
end_of_record
TN:
SF:src\components\styles\Item.jsx
FNF:0
FNH:0
DA:3,8
LF:1
LH:1
BRF:0
BRH:0
end_of_record
TN:
SF:src\components\styles\List.jsx
FNF:0
FNH:0
DA:3,8
LF:1
LH:1
BRF:0
BRH:0
end_of_record
TN:
SF:src\components\styles\Logo.jsx
FNF:0
FNH:0
DA:3,2
LF:1
LH:1
BRF:0
BRH:0
end_of_record
TN:
SF:src\components\styles\NextButton.jsx
FNF:0
FNH:0
DA:3,8
LF:1
LH:1
BRF:0
BRH:0
end_of_record
TN:
SF:src\components\styles\TalentInputButton.jsx
FNF:0
FNH:0
DA:3,4
LF:1
LH:1
BRF:0
BRH:0
end_of_record
TN:
SF:src\components\styles\Title.jsx
FNF:0
FNH:0
DA:3,6
LF:1
LH:1
BRF:0
BRH:0
end_of_record
TN:
SF:src\fixture\categories.js
FNF:0
FNH:0
DA:1,1
LF:1
LH:1
BRF:0
BRH:0
end_of_record
TN:
SF:src\fixture\manttoCategories.js
FNF:0
FNH:0
DA:1,4
LF:1
LH:1
BRF:0
BRH:0
end_of_record
TN:
SF:src\pages\App.jsx
FN:36,App
FN:37,(anonymous_1)
FNF:2
FNH:2
FNDA:1,App
FNDA:1,(anonymous_1)
DA:37,1
DA:41,1
LF:2
LH:2
BRF:0
BRH:0
end_of_record
TN:
SF:src\pages\CategoriesForm.jsx
FN:11,CategoriesForm
FN:17,(anonymous_1)
FN:21,(anonymous_2)
FNF:3
FNH:3
FNDA:9,CategoriesForm
FNDA:18,(anonymous_1)
FNDA:5,(anonymous_2)
DA:14,9
DA:18,18
DA:21,5
LF:3
LH:3
BRDA:12,0,0,0
BRDA:30,1,0,5
BRDA:30,1,1,4
BRF:3
BRH:2
end_of_record
TN:
SF:src\pages\CategoriesFormContainer.jsx
FN:13,CategoriesFormContainer
FN:16,handleClick
FN:25,handleSubmit
FNF:3
FNH:3
FNDA:6,CategoriesFormContainer
FNDA:4,handleClick
FNDA:1,handleSubmit
DA:14,6
DA:17,4
DA:18,2
DA:20,4
DA:21,2
DA:26,1
DA:29,6
LF:7
LH:7
BRDA:17,0,0,2
BRDA:17,0,1,2
BRDA:20,1,0,2
BRDA:20,1,1,2
BRF:4
BRH:4
end_of_record
TN:
SF:src\pages\CategoriesPage.jsx
FN:11,CategoriesPage
FN:14,(anonymous_1)
FNF:2
FNH:2
FNDA:2,CategoriesPage
FNDA:2,(anonymous_1)
DA:12,2
DA:14,2
DA:18,2
DA:20,2
DA:23,2
DA:24,1
DA:29,1
LF:7
LH:7
BRDA:12,0,0,2
BRDA:12,0,1,0
BRDA:18,1,0,1
BRDA:18,1,1,1
BRDA:20,2,0,1
BRDA:20,2,1,1
BRDA:23,3,0,1
BRDA:23,3,1,1
BRF:8
BRH:7
end_of_record
TN:
SF:src\pages\LoginForm.jsx
FN:3,LoginForm
FN:6,(anonymous_1)
FN:18,(anonymous_2)
FNF:3
FNH:1
FNDA:11,LoginForm
FNDA:0,(anonymous_1)
FNDA:0,(anonymous_2)
DA:6,11
DA:10,11
DA:12,11
DA:14,11
DA:15,0
DA:18,0
DA:23,11
LF:7
LH:5
BRDA:12,0,0,0
BRDA:12,1,0,0
BRDA:14,2,0,0
BRDA:14,2,1,11
BRDA:56,3,0,0
BRDA:56,3,1,11
BRDA:56,4,0,11
BRDA:56,4,1,11
BRF:8
BRH:4
end_of_record
TN:
SF:src\pages\LoginFormContainer.jsx
FN:18,LoginFormContainer
FN:21,(anonymous_1)
FN:27,handleChange
FN:33,handleSignIn
FN:37,handleSignUp
FN:41,handleLogOut
FNF:6
FNH:4
FNDA:7,LoginFormContainer
FNDA:7,(anonymous_1)
FNDA:1,handleChange
FNDA:2,handleSignIn
FNDA:0,handleSignUp
FNDA:0,handleLogOut
DA:19,7
DA:21,7
DA:28,1
DA:30,1
DA:34,2
DA:38,0
DA:42,0
DA:43,0
DA:46,7
DA:47,0
DA:55,7
LF:11
LH:7
BRDA:46,0,0,0
BRDA:46,0,1,7
BRF:2
BRH:1
end_of_record
TN:
SF:src\pages\LoginPage.jsx
FN:13,LoginPage
FN:18,authListener
FN:19,(anonymous_2)
FN:27,(anonymous_3)
FNF:4
FNH:4
FNDA:4,LoginPage
FNDA:4,authListener
FNDA:4,(anonymous_2)
FNDA:4,(anonymous_3)
DA:14,4
DA:16,4
DA:19,4
DA:20,4
DA:21,4
DA:22,0
DA:27,4
DA:28,4
DA:31,4
DA:33,4
LF:10
LH:9
BRDA:16,0,0,4
BRDA:16,0,1,4
BRDA:20,1,0,4
BRDA:20,1,1,4
BRDA:21,2,0,0
BRDA:21,2,1,4
BRDA:31,3,0,0
BRDA:31,3,1,4
BRF:8
BRH:6
end_of_record
TN:
SF:src\pages\MainPage.jsx
FN:5,MainPage
FNF:1
FNH:1
FNDA:1,MainPage
DA:6,1
LF:1
LH:1
BRF:0
BRH:0
end_of_record
TN:
SF:src\pages\TalentForm.jsx
FN:9,TalentForm
FNF:1
FNH:1
FNDA:5,TalentForm
DA:10,5
LF:1
LH:1
BRF:0
BRH:0
end_of_record
TN:
SF:src\pages\TalentFormContainer.jsx
FN:27,TalentFormContainer
FN:32,(anonymous_1)
FN:39,(anonymous_2)
FN:43,handleClick
FNF:4
FNH:4
FNDA:3,TalentFormContainer
FNDA:3,(anonymous_1)
FNDA:3,(anonymous_2)
FNDA:2,handleClick
DA:21,2
DA:28,3
DA:30,3
DA:32,3
DA:37,3
DA:39,3
DA:40,3
DA:44,2
DA:45,2
DA:46,1
DA:48,2
DA:49,1
DA:53,3
DA:54,1
DA:55,1
DA:66,2
LF:16
LH:16
BRDA:28,0,0,3
BRDA:28,0,1,1
BRDA:45,1,0,1
BRDA:45,1,1,1
BRDA:48,2,0,1
BRDA:48,2,1,1
BRDA:53,3,0,1
BRDA:53,3,1,2
BRF:8
BRH:8
end_of_record
TN:
SF:src\pages\TalentProficiency.jsx
FN:22,(anonymous_0)
FN:30,TalentProficiency
FN:41,(anonymous_2)
FN:45,(anonymous_3)
FNF:4
FNH:4
FNDA:9,(anonymous_0)
FNDA:3,TalentProficiency
FNDA:9,(anonymous_2)
FNDA:4,(anonymous_3)
DA:15,3
DA:22,9
DA:31,3
DA:37,3
DA:42,9
DA:45,4
LF:6
LH:6
BRF:0
BRH:0
end_of_record
TN:
SF:src\pages\TalentProficiencyContainer.jsx
FN:11,TalentProficiencyContainer
FN:12,(anonymous_1)
FN:20,handleClick
FNF:3
FNH:3
FNDA:2,TalentProficiencyContainer
FNDA:2,(anonymous_1)
FNDA:1,handleClick
DA:12,2
DA:16,2
DA:18,2
DA:21,1
DA:24,2
LF:5
LH:5
BRF:0
BRH:0
end_of_record
TN:
SF:src\pages\Talents.jsx
FN:20,Talents
FN:37,(anonymous_1)
FNF:2
FNH:2
FNDA:4,Talents
FNDA:6,(anonymous_1)
DA:7,3
DA:12,3
DA:16,3
DA:21,4
DA:22,1
DA:27,3
DA:28,1
DA:33,2
DA:40,6
LF:9
LH:9
BRDA:21,0,0,1
BRDA:21,0,1,3
BRDA:27,1,0,1
BRDA:27,1,1,2
BRF:4
BRH:4
end_of_record
TN:
SF:src\pages\TalentsContainer.jsx
FN:11,TalentsContainer
FN:14,(anonymous_1)
FN:19,(anonymous_2)
FNF:3
FNH:3
FNDA:1,TalentsContainer
FNDA:1,(anonymous_1)
FNDA:1,(anonymous_2)
DA:12,1
DA:14,1
DA:19,1
DA:20,1
DA:23,1
LF:5
LH:5
BRF:0
BRH:0
end_of_record
TN:
SF:src\pages\UserInfo.jsx
FN:16,UserInfo
FNF:1
FNH:1
FNDA:4,UserInfo
DA:5,3
DA:12,3
DA:19,4
LF:3
LH:3
BRF:0
BRH:0
end_of_record
TN:
SF:src\pages\UserInfoContainer.jsx
FN:15,UserInfoContainer
FN:18,(anonymous_1)
FN:22,handleChange
FNF:3
FNH:3
FNDA:2,UserInfoContainer
FNDA:2,(anonymous_1)
FNDA:3,handleChange
DA:16,2
DA:18,2
DA:23,3
DA:25,3
DA:28,2
LF:5
LH:5
BRF:0
BRH:0
end_of_record
TN:
SF:src\pages\styles\Header.jsx
FNF:0
FNH:0
DA:3,1
LF:1
LH:1
BRF:0
BRH:0
end_of_record
TN:
SF:src\pages\styles\PageLayout.jsx
FNF:0
FNH:0
DA:3,1
LF:1
LH:1
BRF:0
BRH:0
end_of_record
TN:
SF:src\pages\styles\Reset.jsx
FNF:0
FNH:0
DA:3,1
LF:1
LH:1
BRF:0
BRH:0
end_of_record
TN:
SF:src\redux\slice.js
FN:51,(anonymous_0)
FN:61,(anonymous_1)
FN:71,(anonymous_2)
FN:85,(anonymous_3)
FN:95,(anonymous_4)
FN:105,(anonymous_5)
FN:115,(anonymous_6)
FN:118,(anonymous_7)
FN:123,(anonymous_8)
FN:133,(anonymous_9)
FN:143,(anonymous_10)
FN:153,(anonymous_11)
FN:164,(anonymous_12)
FN:188,loadCategories
FN:189,(anonymous_14)
FN:196,loadManttoCategories
FN:197,(anonymous_16)
FN:204,sendCategory
FN:205,(anonymous_18)
FN:216,requestSignUp
FN:217,(anonymous_20)
FN:228,requestSignIn
FN:229,(anonymous_22)
FNF:23
FNH:20
FNDA:1,(anonymous_0)
FNDA:1,(anonymous_1)
FNDA:1,(anonymous_2)
FNDA:1,(anonymous_3)
FNDA:1,(anonymous_4)
FNDA:1,(anonymous_5)
FNDA:1,(anonymous_6)
FNDA:2,(anonymous_7)
FNDA:1,(anonymous_8)
FNDA:1,(anonymous_9)
FNDA:0,(anonymous_10)
FNDA:1,(anonymous_11)
FNDA:0,(anonymous_12)
FNDA:4,loadCategories
FNDA:1,(anonymous_14)
FNDA:3,loadManttoCategories
FNDA:2,(anonymous_16)
FNDA:2,sendCategory
FNDA:1,(anonymous_18)
FNDA:1,requestSignUp
FNDA:1,(anonymous_20)
FNDA:2,requestSignIn
FNDA:0,(anonymous_22)
DA:13,10
DA:52,1
DA:62,1
DA:72,1
DA:86,1
DA:96,1
DA:106,1
DA:116,1
DA:118,2
DA:124,1
DA:134,1
DA:144,0
DA:154,1
DA:165,0
DA:186,10
DA:189,4
DA:190,1
DA:192,1
DA:197,3
DA:198,2
DA:200,2
DA:205,2
DA:206,1
DA:208,1
DA:212,1
DA:217,1
DA:218,1
DA:220,1
DA:222,1
DA:224,1
DA:229,2
DA:230,0
DA:232,0
DA:234,0
DA:236,0
LF:35
LH:29
BRDA:198,0,0,2
BRF:1
BRH:1
end_of_record
TN:
SF:src\services\api.js
FN:5,fetchCategories
FN:15,fetchManttoCategories
FN:23,postCategory
FN:49,postSignUp
FN:63,postSignIn
FNF:5
FNH:3
FNDA:1,fetchCategories
FNDA:1,fetchManttoCategories
FNDA:1,postCategory
FNDA:0,postSignUp
FNDA:0,postSignIn
DA:6,1
DA:7,1
DA:9,1
DA:10,1
DA:12,1
DA:16,1
DA:18,1
DA:20,1
DA:26,1
DA:46,1
DA:52,0
DA:53,0
DA:55,0
DA:56,0
DA:58,0
DA:60,0
DA:66,0
DA:67,0
DA:69,0
DA:70,0
DA:72,0
DA:74,0
LF:22
LH:10
BRF:0
BRH:0
end_of_record
TN:
SF:src\services\firebase.js
FNF:0
FNH:0
DA:5,11
DA:16,11
DA:18,11
LF:3
LH:3
BRF:0
BRH:0
end_of_record
